

Started GET "/" for 127.0.0.1 at 2014-07-27 03:26:18 +0100

ActiveRecord::NoDatabaseError (Unknown database 'ncshortner'Run `$ bin/rake db:create db:migrate` to create your database):
  activerecord (4.1.0) lib/active_record/connection_adapters/mysql2_adapter.rb:23:in `rescue in mysql2_connection'
  activerecord (4.1.0) lib/active_record/connection_adapters/mysql2_adapter.rb:10:in `mysql2_connection'
  activerecord (4.1.0) lib/active_record/connection_adapters/abstract/connection_pool.rb:435:in `new_connection'
  activerecord (4.1.0) lib/active_record/connection_adapters/abstract/connection_pool.rb:445:in `checkout_new_connection'
  activerecord (4.1.0) lib/active_record/connection_adapters/abstract/connection_pool.rb:416:in `acquire_connection'
  activerecord (4.1.0) lib/active_record/connection_adapters/abstract/connection_pool.rb:351:in `block in checkout'
  /Users/Nish/.rbenv/versions/2.1.1/lib/ruby/2.1.0/monitor.rb:211:in `mon_synchronize'
  activerecord (4.1.0) lib/active_record/connection_adapters/abstract/connection_pool.rb:350:in `checkout'
  activerecord (4.1.0) lib/active_record/connection_adapters/abstract/connection_pool.rb:265:in `block in connection'
  /Users/Nish/.rbenv/versions/2.1.1/lib/ruby/2.1.0/monitor.rb:211:in `mon_synchronize'
  activerecord (4.1.0) lib/active_record/connection_adapters/abstract/connection_pool.rb:264:in `connection'
  activerecord (4.1.0) lib/active_record/connection_adapters/abstract/connection_pool.rb:541:in `retrieve_connection'
  activerecord (4.1.0) lib/active_record/connection_handling.rb:113:in `retrieve_connection'
  activerecord (4.1.0) lib/active_record/connection_handling.rb:87:in `connection'
  activerecord (4.1.0) lib/active_record/query_cache.rb:51:in `restore_query_cache_settings'
  activerecord (4.1.0) lib/active_record/query_cache.rb:43:in `rescue in call'
  activerecord (4.1.0) lib/active_record/query_cache.rb:32:in `call'
  activerecord (4.1.0) lib/active_record/connection_adapters/abstract/connection_pool.rb:621:in `call'
  activerecord (4.1.0) lib/active_record/migration.rb:380:in `call'
  actionpack (4.1.0) lib/action_dispatch/middleware/callbacks.rb:29:in `block in call'
  activesupport (4.1.0) lib/active_support/callbacks.rb:82:in `run_callbacks'
  actionpack (4.1.0) lib/action_dispatch/middleware/callbacks.rb:27:in `call'
  actionpack (4.1.0) lib/action_dispatch/middleware/reloader.rb:73:in `call'
  actionpack (4.1.0) lib/action_dispatch/middleware/remote_ip.rb:76:in `call'
  actionpack (4.1.0) lib/action_dispatch/middleware/debug_exceptions.rb:17:in `call'
  actionpack (4.1.0) lib/action_dispatch/middleware/show_exceptions.rb:30:in `call'
  railties (4.1.0) lib/rails/rack/logger.rb:38:in `call_app'
  railties (4.1.0) lib/rails/rack/logger.rb:20:in `block in call'
  activesupport (4.1.0) lib/active_support/tagged_logging.rb:68:in `block in tagged'
  activesupport (4.1.0) lib/active_support/tagged_logging.rb:26:in `tagged'
  activesupport (4.1.0) lib/active_support/tagged_logging.rb:68:in `tagged'
  railties (4.1.0) lib/rails/rack/logger.rb:20:in `call'
  actionpack (4.1.0) lib/action_dispatch/middleware/request_id.rb:21:in `call'
  rack (1.5.2) lib/rack/methodoverride.rb:21:in `call'
  rack (1.5.2) lib/rack/runtime.rb:17:in `call'
  activesupport (4.1.0) lib/active_support/cache/strategy/local_cache_middleware.rb:26:in `call'
  rack (1.5.2) lib/rack/lock.rb:17:in `call'
  actionpack (4.1.0) lib/action_dispatch/middleware/static.rb:64:in `call'
  rack (1.5.2) lib/rack/sendfile.rb:112:in `call'
  railties (4.1.0) lib/rails/engine.rb:514:in `call'
  railties (4.1.0) lib/rails/application.rb:144:in `call'
  rack (1.5.2) lib/rack/lock.rb:17:in `call'
  rack (1.5.2) lib/rack/content_length.rb:14:in `call'
  rack (1.5.2) lib/rack/handler/webrick.rb:60:in `service'
  /Users/Nish/.rbenv/versions/2.1.1/lib/ruby/2.1.0/webrick/httpserver.rb:138:in `service'
  /Users/Nish/.rbenv/versions/2.1.1/lib/ruby/2.1.0/webrick/httpserver.rb:94:in `run'
  /Users/Nish/.rbenv/versions/2.1.1/lib/ruby/2.1.0/webrick/server.rb:295:in `block in start_thread'


  Rendered /Users/Nish/.rbenv/versions/2.1.1/lib/ruby/gems/2.1.0/gems/actionpack-4.1.0/lib/action_dispatch/middleware/templates/rescues/_source.erb (0.8ms)
  Rendered /Users/Nish/.rbenv/versions/2.1.1/lib/ruby/gems/2.1.0/gems/actionpack-4.1.0/lib/action_dispatch/middleware/templates/rescues/_trace.html.erb (1.5ms)
  Rendered /Users/Nish/.rbenv/versions/2.1.1/lib/ruby/gems/2.1.0/gems/actionpack-4.1.0/lib/action_dispatch/middleware/templates/rescues/_request_and_response.html.erb (1.0ms)
  Rendered /Users/Nish/.rbenv/versions/2.1.1/lib/ruby/gems/2.1.0/gems/actionpack-4.1.0/lib/action_dispatch/middleware/templates/rescues/diagnostics.erb within rescues/layout (23.0ms)
  [1m[36m (11.6ms)[0m  [1mCREATE TABLE `schema_migrations` (`version` varchar(255) NOT NULL) ENGINE=InnoDB[0m
  [1m[35m (14.5ms)[0m  CREATE UNIQUE INDEX `unique_schema_migrations`  ON `schema_migrations` (`version`) 
  [1m[36mActiveRecord::SchemaMigration Load (0.1ms)[0m  [1mSELECT `schema_migrations`.* FROM `schema_migrations`[0m


Started GET "/" for 127.0.0.1 at 2014-07-27 03:27:07 +0100
Processing by Rails::WelcomeController#index as HTML
  Rendered /Users/Nish/.rbenv/versions/2.1.1/lib/ruby/gems/2.1.0/gems/railties-4.1.0/lib/rails/templates/rails/welcome/index.html.erb (2.0ms)
Completed 200 OK in 14ms (Views: 6.5ms | ActiveRecord: 0.0ms)


Started GET "/" for 127.0.0.1 at 2014-07-27 03:27:09 +0100
Processing by Rails::WelcomeController#index as HTML
  Rendered /Users/Nish/.rbenv/versions/2.1.1/lib/ruby/gems/2.1.0/gems/railties-4.1.0/lib/rails/templates/rails/welcome/index.html.erb (0.0ms)
Completed 200 OK in 1ms (Views: 0.9ms | ActiveRecord: 0.0ms)


Started GET "/rails/info/properties" for 127.0.0.1 at 2014-07-27 03:27:23 +0100
Processing by Rails::InfoController#properties as */*
  [1m[36mActiveRecord::SchemaMigration Load (0.6ms)[0m  [1mSELECT `schema_migrations`.* FROM `schema_migrations`[0m
  Rendered /Users/Nish/.rbenv/versions/2.1.1/lib/ruby/gems/2.1.0/gems/railties-4.1.0/lib/rails/templates/rails/info/properties.html.erb (0.4ms)
Completed 200 OK in 28ms (Views: 7.5ms | ActiveRecord: 1.0ms)


Started GET "/" for 127.0.0.1 at 2014-07-27 03:32:07 +0100
Processing by Rails::WelcomeController#index as HTML
  Rendered /Users/Nish/.rbenv/versions/2.1.1/lib/ruby/gems/2.1.0/gems/railties-4.1.0/lib/rails/templates/rails/welcome/index.html.erb (1.2ms)
Completed 200 OK in 13ms (Views: 4.9ms | ActiveRecord: 0.0ms)


Started GET "/" for 127.0.0.1 at 2014-07-27 03:32:08 +0100
Processing by Rails::WelcomeController#index as HTML
  Rendered /Users/Nish/.rbenv/versions/2.1.1/lib/ruby/gems/2.1.0/gems/railties-4.1.0/lib/rails/templates/rails/welcome/index.html.erb (0.1ms)
Completed 200 OK in 1ms (Views: 0.9ms | ActiveRecord: 0.0ms)


Started GET "/" for 127.0.0.1 at 2014-07-27 03:34:18 +0100
Processing by StaticController#index as HTML
  Rendered static/index.html.erb within layouts/application (0.3ms)
Completed 200 OK in 412ms (Views: 411.0ms | ActiveRecord: 0.0ms)


Started GET "/assets/static.css?body=1" for 127.0.0.1 at 2014-07-27 03:34:18 +0100


Started GET "/assets/turbolinks.js?body=1" for 127.0.0.1 at 2014-07-27 03:34:18 +0100


Started GET "/assets/jquery.js?body=1" for 127.0.0.1 at 2014-07-27 03:34:18 +0100


Started GET "/assets/application.css?body=1" for 127.0.0.1 at 2014-07-27 03:34:18 +0100


Started GET "/assets/jquery_ujs.js?body=1" for 127.0.0.1 at 2014-07-27 03:34:18 +0100


Started GET "/assets/static.js?body=1" for 127.0.0.1 at 2014-07-27 03:34:18 +0100


Started GET "/assets/application.js?body=1" for 127.0.0.1 at 2014-07-27 03:34:18 +0100


Started GET "/" for 127.0.0.1 at 2014-07-27 03:34:19 +0100
Processing by StaticController#index as HTML
  Rendered static/index.html.erb within layouts/application (0.0ms)
Completed 200 OK in 3ms (Views: 2.9ms | ActiveRecord: 0.0ms)


Started GET "/" for 127.0.0.1 at 2014-07-27 03:35:21 +0100
Processing by StaticController#index as HTML
  Rendered static/index.html.erb within layouts/application (0.4ms)
Completed 200 OK in 4ms (Views: 3.3ms | ActiveRecord: 0.0ms)


Started GET "/assets/application.css?body=1" for 127.0.0.1 at 2014-07-27 03:35:21 +0100


Started GET "/assets/static.js?body=1" for 127.0.0.1 at 2014-07-27 03:35:21 +0100


Started GET "/assets/static.css?body=1" for 127.0.0.1 at 2014-07-27 03:35:21 +0100


Started GET "/assets/application.js?body=1" for 127.0.0.1 at 2014-07-27 03:35:21 +0100


Started GET "/" for 127.0.0.1 at 2014-07-27 03:35:27 +0100
Processing by StaticController#index as HTML
  Rendered static/index.html.erb within layouts/application (2.0ms)
Completed 500 Internal Server Error in 4ms

ActionView::Template::Error (undefined method `+' for false:FalseClass):
    1: <h1>Static#index</h1>
    2: <p>Find me in app/views/static/index.html.erb</p>
    3: <%!
    4: 1+1
    5: 
    6: %>
  app/views/static/index.html.erb:4:in `_app_views_static_index_html_erb__567005544000084340_70150058205980'


  Rendered /Users/Nish/.rbenv/versions/2.1.1/lib/ruby/gems/2.1.0/gems/actionpack-4.1.0/lib/action_dispatch/middleware/templates/rescues/_trace.html.erb (1.4ms)
  Rendered /Users/Nish/.rbenv/versions/2.1.1/lib/ruby/gems/2.1.0/gems/actionpack-4.1.0/lib/action_dispatch/middleware/templates/rescues/_request_and_response.html.erb (0.7ms)
  Rendered /Users/Nish/.rbenv/versions/2.1.1/lib/ruby/gems/2.1.0/gems/actionpack-4.1.0/lib/action_dispatch/middleware/templates/rescues/template_error.html.erb within rescues/layout (12.1ms)


Started GET "/" for 127.0.0.1 at 2014-07-27 03:36:11 +0100
Processing by StaticController#index as HTML
  Rendered static/index.html.erb within layouts/application (0.6ms)
Completed 200 OK in 6ms (Views: 5.4ms | ActiveRecord: 0.0ms)


Started GET "/assets/jquery.js?body=1" for 127.0.0.1 at 2014-07-27 03:36:11 +0100


Started GET "/assets/static.css?body=1" for 127.0.0.1 at 2014-07-27 03:36:11 +0100


Started GET "/assets/application.css?body=1" for 127.0.0.1 at 2014-07-27 03:36:11 +0100


Started GET "/assets/jquery_ujs.js?body=1" for 127.0.0.1 at 2014-07-27 03:36:11 +0100


Started GET "/assets/static.js?body=1" for 127.0.0.1 at 2014-07-27 03:36:11 +0100


Started GET "/assets/application.js?body=1" for 127.0.0.1 at 2014-07-27 03:36:11 +0100


Started GET "/assets/turbolinks.js?body=1" for 127.0.0.1 at 2014-07-27 03:36:11 +0100


Started GET "/" for 127.0.0.1 at 2014-07-27 03:36:52 +0100
Processing by StaticController#index as HTML
  Rendered static/index.html.erb within layouts/application (0.3ms)
Completed 200 OK in 4ms (Views: 3.3ms | ActiveRecord: 0.0ms)


Started GET "/assets/static.css?body=1" for 127.0.0.1 at 2014-07-27 03:36:52 +0100


Started GET "/assets/application.css?body=1" for 127.0.0.1 at 2014-07-27 03:36:52 +0100


Started GET "/assets/jquery.js?body=1" for 127.0.0.1 at 2014-07-27 03:36:52 +0100


Started GET "/assets/static.js?body=1" for 127.0.0.1 at 2014-07-27 03:36:52 +0100


Started GET "/assets/jquery_ujs.js?body=1" for 127.0.0.1 at 2014-07-27 03:36:52 +0100


Started GET "/assets/turbolinks.js?body=1" for 127.0.0.1 at 2014-07-27 03:36:52 +0100


Started GET "/assets/application.js?body=1" for 127.0.0.1 at 2014-07-27 03:36:52 +0100


Started GET "/" for 127.0.0.1 at 2014-07-27 03:39:29 +0100
Processing by StaticController#index as HTML
  Rendered static/index.html.erb within layouts/application (0.1ms)
Completed 200 OK in 3ms (Views: 3.0ms | ActiveRecord: 0.0ms)


Started GET "/assets/static.css?body=1" for 127.0.0.1 at 2014-07-27 03:39:29 +0100


Started GET "/assets/application.css?body=1" for 127.0.0.1 at 2014-07-27 03:39:29 +0100


Started GET "/assets/turbolinks.js?body=1" for 127.0.0.1 at 2014-07-27 03:39:29 +0100


Started GET "/assets/jquery_ujs.js?body=1" for 127.0.0.1 at 2014-07-27 03:39:29 +0100


Started GET "/assets/static.js?body=1" for 127.0.0.1 at 2014-07-27 03:39:29 +0100


Started GET "/assets/application.js?body=1" for 127.0.0.1 at 2014-07-27 03:39:29 +0100


Started GET "/assets/jquery.js?body=1" for 127.0.0.1 at 2014-07-27 03:39:29 +0100
  [1m[36mActiveRecord::SchemaMigration Load (0.2ms)[0m  [1mSELECT `schema_migrations`.* FROM `schema_migrations`[0m


Started GET "/" for 127.0.0.1 at 2014-07-28 22:57:44 +0100
  [1m[36mActiveRecord::SchemaMigration Load (3.6ms)[0m  [1mSELECT `schema_migrations`.* FROM `schema_migrations`[0m

ActiveRecord::PendingMigrationError (

Migrations are pending. To resolve this issue, run:

	bin/rake db:migrate RAILS_ENV=development

):
  activerecord (4.1.0) lib/active_record/migration.rb:389:in `check_pending!'
  activerecord (4.1.0) lib/active_record/migration.rb:377:in `call'
  actionpack (4.1.0) lib/action_dispatch/middleware/callbacks.rb:29:in `block in call'
  activesupport (4.1.0) lib/active_support/callbacks.rb:82:in `run_callbacks'
  actionpack (4.1.0) lib/action_dispatch/middleware/callbacks.rb:27:in `call'
  actionpack (4.1.0) lib/action_dispatch/middleware/reloader.rb:73:in `call'
  actionpack (4.1.0) lib/action_dispatch/middleware/remote_ip.rb:76:in `call'
  actionpack (4.1.0) lib/action_dispatch/middleware/debug_exceptions.rb:17:in `call'
  actionpack (4.1.0) lib/action_dispatch/middleware/show_exceptions.rb:30:in `call'
  railties (4.1.0) lib/rails/rack/logger.rb:38:in `call_app'
  railties (4.1.0) lib/rails/rack/logger.rb:20:in `block in call'
  activesupport (4.1.0) lib/active_support/tagged_logging.rb:68:in `block in tagged'
  activesupport (4.1.0) lib/active_support/tagged_logging.rb:26:in `tagged'
  activesupport (4.1.0) lib/active_support/tagged_logging.rb:68:in `tagged'
  railties (4.1.0) lib/rails/rack/logger.rb:20:in `call'
  actionpack (4.1.0) lib/action_dispatch/middleware/request_id.rb:21:in `call'
  rack (1.5.2) lib/rack/methodoverride.rb:21:in `call'
  rack (1.5.2) lib/rack/runtime.rb:17:in `call'
  activesupport (4.1.0) lib/active_support/cache/strategy/local_cache_middleware.rb:26:in `call'
  rack (1.5.2) lib/rack/lock.rb:17:in `call'
  actionpack (4.1.0) lib/action_dispatch/middleware/static.rb:64:in `call'
  rack (1.5.2) lib/rack/sendfile.rb:112:in `call'
  railties (4.1.0) lib/rails/engine.rb:514:in `call'
  railties (4.1.0) lib/rails/application.rb:144:in `call'
  rack (1.5.2) lib/rack/lock.rb:17:in `call'
  rack (1.5.2) lib/rack/content_length.rb:14:in `call'
  rack (1.5.2) lib/rack/handler/webrick.rb:60:in `service'
  /Users/Nish/.rbenv/versions/2.1.1/lib/ruby/2.1.0/webrick/httpserver.rb:138:in `service'
  /Users/Nish/.rbenv/versions/2.1.1/lib/ruby/2.1.0/webrick/httpserver.rb:94:in `run'
  /Users/Nish/.rbenv/versions/2.1.1/lib/ruby/2.1.0/webrick/server.rb:295:in `block in start_thread'


  Rendered /Users/Nish/.rbenv/versions/2.1.1/lib/ruby/gems/2.1.0/gems/actionpack-4.1.0/lib/action_dispatch/middleware/templates/rescues/_source.erb (0.7ms)
  Rendered /Users/Nish/.rbenv/versions/2.1.1/lib/ruby/gems/2.1.0/gems/actionpack-4.1.0/lib/action_dispatch/middleware/templates/rescues/_trace.html.erb (0.9ms)
  Rendered /Users/Nish/.rbenv/versions/2.1.1/lib/ruby/gems/2.1.0/gems/actionpack-4.1.0/lib/action_dispatch/middleware/templates/rescues/_request_and_response.html.erb (0.9ms)
  Rendered /Users/Nish/.rbenv/versions/2.1.1/lib/ruby/gems/2.1.0/gems/actionpack-4.1.0/lib/action_dispatch/middleware/templates/rescues/diagnostics.erb within rescues/layout (18.0ms)
  [1m[36mActiveRecord::SchemaMigration Load (0.2ms)[0m  [1mSELECT `schema_migrations`.* FROM `schema_migrations`[0m
Migrating to CreateUrlTable (20140727024253)
  [1m[35m (9.6ms)[0m  CREATE TABLE `url_tables` (`id` int(11) auto_increment PRIMARY KEY) ENGINE=InnoDB
  [1m[36m (0.1ms)[0m  [1mBEGIN[0m
  [1m[35mSQL (0.9ms)[0m  INSERT INTO `schema_migrations` (`version`) VALUES ('20140727024253')
  [1m[36m (0.2ms)[0m  [1mCOMMIT[0m
  [1m[35mActiveRecord::SchemaMigration Load (0.1ms)[0m  SELECT `schema_migrations`.* FROM `schema_migrations`


Started GET "/" for 127.0.0.1 at 2014-07-28 22:58:27 +0100
  [1m[35mActiveRecord::SchemaMigration Load (0.2ms)[0m  SELECT `schema_migrations`.* FROM `schema_migrations`
Processing by StaticController#index as HTML
  Rendered static/index.html.erb within layouts/application (0.4ms)
Completed 200 OK in 42ms (Views: 34.1ms | ActiveRecord: 0.0ms)


Started GET "/assets/application.css?body=1" for 127.0.0.1 at 2014-07-28 22:58:27 +0100


Started GET "/assets/jquery.js?body=1" for 127.0.0.1 at 2014-07-28 22:58:27 +0100


Started GET "/assets/static.css?body=1" for 127.0.0.1 at 2014-07-28 22:58:27 +0100


Started GET "/assets/jquery_ujs.js?body=1" for 127.0.0.1 at 2014-07-28 22:58:27 +0100


Started GET "/assets/turbolinks.js?body=1" for 127.0.0.1 at 2014-07-28 22:58:27 +0100


Started GET "/assets/static.js?body=1" for 127.0.0.1 at 2014-07-28 22:58:27 +0100


Started GET "/assets/application.js?body=1" for 127.0.0.1 at 2014-07-28 22:58:27 +0100
  [1m[36m (8.2ms)[0m  [1mCREATE TABLE `schema_migrations` (`version` varchar(255) NOT NULL) ENGINE=InnoDB[0m
  [1m[35m (12.0ms)[0m  CREATE UNIQUE INDEX `unique_schema_migrations`  ON `schema_migrations` (`version`) 
  [1m[36mActiveRecord::SchemaMigration Load (0.2ms)[0m  [1mSELECT `schema_migrations`.* FROM `schema_migrations`[0m
Migrating to CreateUrlTable (20140727024253)
  [1m[35m (7.7ms)[0m  CREATE TABLE `url_tables` (`id` int(11) auto_increment PRIMARY KEY) ENGINE=InnoDB
  [1m[36m (0.1ms)[0m  [1mBEGIN[0m
  [1m[35mSQL (0.2ms)[0m  INSERT INTO `schema_migrations` (`version`) VALUES ('20140727024253')
  [1m[36m (0.4ms)[0m  [1mCOMMIT[0m
  [1m[35mActiveRecord::SchemaMigration Load (0.1ms)[0m  SELECT `schema_migrations`.* FROM `schema_migrations`


Started GET "/" for 127.0.0.1 at 2014-07-28 23:01:16 +0100
Processing by StaticController#index as HTML
  Rendered static/index.html.erb within layouts/application (0.1ms)
Completed 200 OK in 6ms (Views: 5.1ms | ActiveRecord: 0.0ms)
  [1m[36mActiveRecord::SchemaMigration Load (0.2ms)[0m  [1mSELECT `schema_migrations`.* FROM `schema_migrations`[0m
  [1m[35mActiveRecord::SchemaMigration Load (0.2ms)[0m  SELECT `schema_migrations`.* FROM `schema_migrations`


Started GET "/" for 127.0.0.1 at 2014-07-28 23:04:15 +0100
  [1m[36mActiveRecord::SchemaMigration Load (0.2ms)[0m  [1mSELECT `schema_migrations`.* FROM `schema_migrations`[0m
Processing by StaticController#index as HTML
  Rendered static/index.html.erb within layouts/application (1.3ms)
Completed 200 OK in 33ms (Views: 25.2ms | ActiveRecord: 0.0ms)
  [1m[36mActiveRecord::SchemaMigration Load (0.2ms)[0m  [1mSELECT `schema_migrations`.* FROM `schema_migrations`[0m
  [1m[35mActiveRecord::SchemaMigration Load (0.2ms)[0m  SELECT `schema_migrations`.* FROM `schema_migrations`


Started GET "/" for 127.0.0.1 at 2014-07-28 23:07:19 +0100
  [1m[36mActiveRecord::SchemaMigration Load (0.2ms)[0m  [1mSELECT `schema_migrations`.* FROM `schema_migrations`[0m
Processing by StaticController#index as HTML
  Rendered static/index.html.erb within layouts/application (1.1ms)
Completed 200 OK in 34ms (Views: 26.0ms | ActiveRecord: 0.0ms)


Started GET "/" for 127.0.0.1 at 2014-07-28 23:08:23 +0100
Processing by StaticController#index as HTML
  Rendered static/index.html.erb within layouts/application (0.4ms)
Completed 200 OK in 4ms (Views: 3.8ms | ActiveRecord: 0.0ms)


Started GET "/assets/static.css?body=1" for 127.0.0.1 at 2014-07-28 23:08:23 +0100


Started GET "/assets/jquery.js?body=1" for 127.0.0.1 at 2014-07-28 23:08:23 +0100


Started GET "/assets/application.css?body=1" for 127.0.0.1 at 2014-07-28 23:08:23 +0100


Started GET "/assets/turbolinks.js?body=1" for 127.0.0.1 at 2014-07-28 23:08:23 +0100


Started GET "/assets/application.js?body=1" for 127.0.0.1 at 2014-07-28 23:08:23 +0100


Started GET "/assets/jquery_ujs.js?body=1" for 127.0.0.1 at 2014-07-28 23:08:23 +0100


Started GET "/assets/static.js?body=1" for 127.0.0.1 at 2014-07-28 23:08:23 +0100
  [1m[36mActiveRecord::SchemaMigration Load (0.2ms)[0m  [1mSELECT `schema_migrations`.* FROM `schema_migrations`[0m
Migrating to CreateUrls (20140728221127)
  [1m[35m (7.4ms)[0m  CREATE TABLE `urls` (`id` int(11) auto_increment PRIMARY KEY, `long_url` varchar(255), `short_code` varchar(255), `unique_views` varchar(255), `created_at` datetime, `updated_at` datetime) ENGINE=InnoDB
  [1m[36m (0.1ms)[0m  [1mBEGIN[0m
  [1m[35mSQL (0.2ms)[0m  INSERT INTO `schema_migrations` (`version`) VALUES ('20140728221127')
  [1m[36m (0.2ms)[0m  [1mCOMMIT[0m
  [1m[35mActiveRecord::SchemaMigration Load (0.1ms)[0m  SELECT `schema_migrations`.* FROM `schema_migrations`
  [1m[36m (0.2ms)[0m  [1mSELECT version FROM schema_migrations[0m
  [1m[36m (0.2ms)[0m  [1mSELECT version FROM schema_migrations[0m
  [1m[36m (0.2ms)[0m  [1mSELECT version FROM schema_migrations[0m
  [1m[36m (0.2ms)[0m  [1mSELECT version FROM schema_migrations[0m
  [1m[36mActiveRecord::SchemaMigration Load (0.1ms)[0m  [1mSELECT `schema_migrations`.* FROM `schema_migrations`[0m
  [1m[35mActiveRecord::SchemaMigration Load (0.2ms)[0m  SELECT `schema_migrations`.* FROM `schema_migrations`
  [1m[36m (0.2ms)[0m  [1mSELECT version FROM schema_migrations[0m
  [1m[36mActiveRecord::SchemaMigration Load (0.2ms)[0m  [1mSELECT `schema_migrations`.* FROM `schema_migrations`[0m
  [1m[35mActiveRecord::SchemaMigration Load (0.2ms)[0m  SELECT `schema_migrations`.* FROM `schema_migrations`
Migrating to CreateUrls (20140728221127)
  [1m[36m (1.2ms)[0m  [1mDROP TABLE `urls`[0m
  [1m[35mSQL (0.4ms)[0m  DELETE FROM `schema_migrations` WHERE `schema_migrations`.`version` = '20140728221127'
  [1m[36mActiveRecord::SchemaMigration Load (0.1ms)[0m  [1mSELECT `schema_migrations`.* FROM `schema_migrations`[0m
  [1m[36mActiveRecord::SchemaMigration Load (0.2ms)[0m  [1mSELECT `schema_migrations`.* FROM `schema_migrations`[0m
Migrating to CreateUrls (20140728221127)
  [1m[35m (20.5ms)[0m  CREATE TABLE `urls` (`id` int(11) auto_increment PRIMARY KEY, `long_url` varchar(255), `short_code` varchar(255), `unique_views` varchar(255), `ip_address` varchar(255), `created_at` datetime, `updated_at` datetime) ENGINE=InnoDB
  [1m[36m (0.1ms)[0m  [1mBEGIN[0m
  [1m[35mSQL (0.2ms)[0m  INSERT INTO `schema_migrations` (`version`) VALUES ('20140728221127')
  [1m[36m (0.2ms)[0m  [1mCOMMIT[0m
  [1m[35mActiveRecord::SchemaMigration Load (0.2ms)[0m  SELECT `schema_migrations`.* FROM `schema_migrations`
  [1m[36m (0.2ms)[0m  [1mBEGIN[0m
  [1m[35mSQL (0.3ms)[0m  INSERT INTO `urls` (`created_at`, `long_url`, `updated_at`) VALUES ('2014-07-28 22:32:52', 'google.com', '2014-07-28 22:32:52')
  [1m[36m (0.8ms)[0m  [1mCOMMIT[0m
  [1m[35mUrl Load (0.4ms)[0m  SELECT  `urls`.* FROM `urls`  WHERE `urls`.`id` = 1 LIMIT 1
  [1m[36m (0.2ms)[0m  [1mBEGIN[0m
  [1m[35mSQL (1.2ms)[0m  UPDATE `urls` SET `long_url` = 'test', `updated_at` = '2014-07-28 22:35:19' WHERE `urls`.`id` = 1
  [1m[36m (0.4ms)[0m  [1mCOMMIT[0m


Started GET "/" for 127.0.0.1 at 2014-07-28 23:48:13 +0100
  [1m[36mActiveRecord::SchemaMigration Load (0.2ms)[0m  [1mSELECT `schema_migrations`.* FROM `schema_migrations`[0m
Processing by StaticController#index as HTML
  Rendered static/index.html.erb within layouts/application (0.9ms)
Completed 200 OK in 208ms (Views: 200.5ms | ActiveRecord: 0.0ms)


Started GET "/assets/urls.css?body=1" for 127.0.0.1 at 2014-07-28 23:48:13 +0100


Started GET "/assets/static.css?body=1" for 127.0.0.1 at 2014-07-28 23:48:13 +0100


Started GET "/assets/application.css?body=1" for 127.0.0.1 at 2014-07-28 23:48:13 +0100


Started GET "/assets/static.js?body=1" for 127.0.0.1 at 2014-07-28 23:48:13 +0100


Started GET "/assets/jquery.js?body=1" for 127.0.0.1 at 2014-07-28 23:48:13 +0100


Started GET "/assets/jquery_ujs.js?body=1" for 127.0.0.1 at 2014-07-28 23:48:13 +0100


Started GET "/assets/urls.js?body=1" for 127.0.0.1 at 2014-07-28 23:48:13 +0100


Started GET "/assets/turbolinks.js?body=1" for 127.0.0.1 at 2014-07-28 23:48:13 +0100


Started GET "/assets/application.js?body=1" for 127.0.0.1 at 2014-07-28 23:48:13 +0100


Started GET "/urls/index" for 127.0.0.1 at 2014-07-28 23:48:18 +0100
Processing by UrlsController#index as HTML
  Rendered urls/index.html.erb within layouts/application (0.4ms)
Completed 200 OK in 6ms (Views: 4.4ms | ActiveRecord: 0.0ms)


Started GET "/assets/urls.css?body=1" for 127.0.0.1 at 2014-07-28 23:48:18 +0100


Started GET "/assets/urls.js?body=1" for 127.0.0.1 at 2014-07-28 23:48:18 +0100


Started GET "/urls/index" for 127.0.0.1 at 2014-07-28 23:50:25 +0100
Processing by UrlsController#index as HTML
  [1m[35mUrl Load (0.3ms)[0m  SELECT `urls`.* FROM `urls`
  Rendered urls/index.html.erb within layouts/application (16.1ms)
Completed 200 OK in 20ms (Views: 17.6ms | ActiveRecord: 2.3ms)


Started GET "/assets/urls.css?body=1" for 127.0.0.1 at 2014-07-28 23:50:25 +0100


Started GET "/assets/urls.js?body=1" for 127.0.0.1 at 2014-07-28 23:50:25 +0100


Started GET "/urls/index" for 127.0.0.1 at 2014-07-28 23:50:34 +0100
Processing by UrlsController#index as HTML
  [1m[36mUrl Load (0.2ms)[0m  [1mSELECT `urls`.* FROM `urls`[0m
  Rendered urls/index.html.erb within layouts/application (1.3ms)
Completed 200 OK in 5ms (Views: 4.7ms | ActiveRecord: 0.2ms)


Started GET "/urls/index" for 127.0.0.1 at 2014-07-28 23:51:07 +0100
Processing by UrlsController#index as HTML
  [1m[35mUrl Load (0.2ms)[0m  SELECT `urls`.* FROM `urls`
  Rendered urls/index.html.erb within layouts/application (9.2ms)
Completed 500 Internal Server Error in 11ms

ActionView::Template::Error (undefined local variable or method `subject' for #<#<Class:0x007fdf194b3728>:0x007fdf1e0aaed8>):
    14:     <% @urls.each do |url| %>
    15:     <tr>
    16:       <td><%= url.long_url %></td>
    17:       <td><%= subject.name %></td>
    18:       <td class="center"><%= subject.visible ? 'Yes' : 'No' %></td>
    19:       <td class="center"><%= subject.pages.size %></td>
    20:       <td class="actions">
  app/views/urls/index.html.erb:17:in `block in _app_views_urls_index_html_erb__2041213876004964449_70298129206440'
  app/views/urls/index.html.erb:14:in `_app_views_urls_index_html_erb__2041213876004964449_70298129206440'


  Rendered /Users/Nish/.rbenv/versions/2.1.1/lib/ruby/gems/2.1.0/gems/actionpack-4.1.0/lib/action_dispatch/middleware/templates/rescues/_trace.html.erb (1.5ms)
  Rendered /Users/Nish/.rbenv/versions/2.1.1/lib/ruby/gems/2.1.0/gems/actionpack-4.1.0/lib/action_dispatch/middleware/templates/rescues/_request_and_response.html.erb (0.8ms)
  Rendered /Users/Nish/.rbenv/versions/2.1.1/lib/ruby/gems/2.1.0/gems/actionpack-4.1.0/lib/action_dispatch/middleware/templates/rescues/template_error.html.erb within rescues/layout (12.3ms)


Started GET "/urls/index" for 127.0.0.1 at 2014-07-28 23:51:41 +0100
Processing by UrlsController#index as HTML
  [1m[36mUrl Load (0.3ms)[0m  [1mSELECT `urls`.* FROM `urls`[0m
  Rendered urls/index.html.erb within layouts/application (1.1ms)
Completed 200 OK in 5ms (Views: 4.1ms | ActiveRecord: 0.3ms)


Started GET "/assets/urls.css?body=1" for 127.0.0.1 at 2014-07-28 23:51:41 +0100


Started GET "/assets/urls.js?body=1" for 127.0.0.1 at 2014-07-28 23:51:41 +0100


Started GET "/urls/index" for 127.0.0.1 at 2014-07-28 23:51:59 +0100
Processing by UrlsController#index as HTML
  [1m[35mUrl Load (0.2ms)[0m  SELECT `urls`.* FROM `urls`
  Rendered urls/index.html.erb within layouts/application (1.1ms)
Completed 200 OK in 6ms (Views: 5.0ms | ActiveRecord: 0.2ms)


Started GET "/assets/urls.css?body=1" for 127.0.0.1 at 2014-07-28 23:51:59 +0100


Started GET "/assets/urls.js?body=1" for 127.0.0.1 at 2014-07-28 23:51:59 +0100


Started GET "/urls/index" for 127.0.0.1 at 2014-07-28 23:52:11 +0100
Processing by UrlsController#index as HTML
  [1m[36mUrl Load (0.2ms)[0m  [1mSELECT `urls`.* FROM `urls`[0m
  Rendered urls/index.html.erb within layouts/application (1.1ms)
Completed 200 OK in 6ms (Views: 5.5ms | ActiveRecord: 0.2ms)


Started GET "/assets/urls.css?body=1" for 127.0.0.1 at 2014-07-28 23:52:11 +0100


Started GET "/assets/urls.js?body=1" for 127.0.0.1 at 2014-07-28 23:52:11 +0100


Started GET "/urls/index" for 127.0.0.1 at 2014-07-29 00:07:31 +0100
Processing by UrlsController#index as HTML
  [1m[35mUrl Load (0.2ms)[0m  SELECT `urls`.* FROM `urls`
  Rendered urls/index.html.erb within layouts/application (4.5ms)
Completed 200 OK in 9ms (Views: 6.6ms | ActiveRecord: 1.3ms)


Started GET "/assets/static.css?body=1" for 127.0.0.1 at 2014-07-29 00:07:31 +0100


Started GET "/assets/application.css?body=1" for 127.0.0.1 at 2014-07-29 00:07:31 +0100


Started GET "/assets/urls.css?body=1" for 127.0.0.1 at 2014-07-29 00:07:31 +0100


Started GET "/assets/jquery_ujs.js?body=1" for 127.0.0.1 at 2014-07-29 00:07:31 +0100


Started GET "/assets/static.js?body=1" for 127.0.0.1 at 2014-07-29 00:07:31 +0100


Started GET "/assets/jquery.js?body=1" for 127.0.0.1 at 2014-07-29 00:07:31 +0100


Started GET "/assets/turbolinks.js?body=1" for 127.0.0.1 at 2014-07-29 00:07:31 +0100


Started GET "/assets/urls.js?body=1" for 127.0.0.1 at 2014-07-29 00:07:31 +0100


Started GET "/assets/application.js?body=1" for 127.0.0.1 at 2014-07-29 00:07:31 +0100


Started GET "/urls/index" for 127.0.0.1 at 2014-07-29 00:07:31 +0100
Processing by UrlsController#index as HTML
  [1m[36mUrl Load (0.2ms)[0m  [1mSELECT `urls`.* FROM `urls`[0m
  Rendered urls/index.html.erb within layouts/application (0.6ms)
Completed 200 OK in 4ms (Views: 3.6ms | ActiveRecord: 0.2ms)


Started GET "/urls/index" for 127.0.0.1 at 2014-07-29 00:07:31 +0100
Processing by UrlsController#index as HTML
  [1m[35mUrl Load (0.2ms)[0m  SELECT `urls`.* FROM `urls`
  Rendered urls/index.html.erb within layouts/application (0.5ms)
Completed 200 OK in 4ms (Views: 3.5ms | ActiveRecord: 0.2ms)


Started GET "/assets/static.css?body=1" for 127.0.0.1 at 2014-07-29 00:07:31 +0100


Started GET "/assets/turbolinks.js?body=1" for 127.0.0.1 at 2014-07-29 00:07:31 +0100


Started GET "/assets/urls.css?body=1" for 127.0.0.1 at 2014-07-29 00:07:31 +0100


Started GET "/assets/application.css?body=1" for 127.0.0.1 at 2014-07-29 00:07:31 +0100


Started GET "/assets/jquery_ujs.js?body=1" for 127.0.0.1 at 2014-07-29 00:07:31 +0100


Started GET "/assets/jquery.js?body=1" for 127.0.0.1 at 2014-07-29 00:07:31 +0100


Started GET "/assets/static.js?body=1" for 127.0.0.1 at 2014-07-29 00:07:31 +0100


Started GET "/assets/urls.js?body=1" for 127.0.0.1 at 2014-07-29 00:07:31 +0100


Started GET "/assets/application.js?body=1" for 127.0.0.1 at 2014-07-29 00:07:31 +0100


Started GET "/urls/add" for 127.0.0.1 at 2014-07-29 00:07:33 +0100

ActionController::RoutingError (No route matches [GET] "/urls/add"):
  actionpack (4.1.0) lib/action_dispatch/middleware/debug_exceptions.rb:21:in `call'
  actionpack (4.1.0) lib/action_dispatch/middleware/show_exceptions.rb:30:in `call'
  railties (4.1.0) lib/rails/rack/logger.rb:38:in `call_app'
  railties (4.1.0) lib/rails/rack/logger.rb:20:in `block in call'
  activesupport (4.1.0) lib/active_support/tagged_logging.rb:68:in `block in tagged'
  activesupport (4.1.0) lib/active_support/tagged_logging.rb:26:in `tagged'
  activesupport (4.1.0) lib/active_support/tagged_logging.rb:68:in `tagged'
  railties (4.1.0) lib/rails/rack/logger.rb:20:in `call'
  actionpack (4.1.0) lib/action_dispatch/middleware/request_id.rb:21:in `call'
  rack (1.5.2) lib/rack/methodoverride.rb:21:in `call'
  rack (1.5.2) lib/rack/runtime.rb:17:in `call'
  activesupport (4.1.0) lib/active_support/cache/strategy/local_cache_middleware.rb:26:in `call'
  rack (1.5.2) lib/rack/lock.rb:17:in `call'
  actionpack (4.1.0) lib/action_dispatch/middleware/static.rb:64:in `call'
  rack (1.5.2) lib/rack/sendfile.rb:112:in `call'
  railties (4.1.0) lib/rails/engine.rb:514:in `call'
  railties (4.1.0) lib/rails/application.rb:144:in `call'
  rack (1.5.2) lib/rack/lock.rb:17:in `call'
  rack (1.5.2) lib/rack/content_length.rb:14:in `call'
  rack (1.5.2) lib/rack/handler/webrick.rb:60:in `service'
  /Users/Nish/.rbenv/versions/2.1.1/lib/ruby/2.1.0/webrick/httpserver.rb:138:in `service'
  /Users/Nish/.rbenv/versions/2.1.1/lib/ruby/2.1.0/webrick/httpserver.rb:94:in `run'
  /Users/Nish/.rbenv/versions/2.1.1/lib/ruby/2.1.0/webrick/server.rb:295:in `block in start_thread'


  Rendered /Users/Nish/.rbenv/versions/2.1.1/lib/ruby/gems/2.1.0/gems/actionpack-4.1.0/lib/action_dispatch/middleware/templates/rescues/_trace.html.erb (1.0ms)
  Rendered /Users/Nish/.rbenv/versions/2.1.1/lib/ruby/gems/2.1.0/gems/actionpack-4.1.0/lib/action_dispatch/middleware/templates/routes/_route.html.erb (0.8ms)
  Rendered /Users/Nish/.rbenv/versions/2.1.1/lib/ruby/gems/2.1.0/gems/actionpack-4.1.0/lib/action_dispatch/middleware/templates/routes/_table.html.erb (6.4ms)
  Rendered /Users/Nish/.rbenv/versions/2.1.1/lib/ruby/gems/2.1.0/gems/actionpack-4.1.0/lib/action_dispatch/middleware/templates/rescues/routing_error.html.erb within rescues/layout (25.3ms)


Started GET "/urls/add" for 127.0.0.1 at 2014-07-29 00:07:49 +0100
Processing by UrlsController#add as HTML
  Rendered urls/add.html.erb within layouts/application (1.6ms)
Completed 500 Internal Server Error in 4ms

ActionView::Template::Error (No route matches {:action=>"create", :controller=>"urls"}):
    1: <div class="subjects new">
    2:   <h2>Create URL</h2>
    3: 
    4:   <%= form_for(:subject, :url => {:action => 'create'}) do |f| %>
    5: 
    6:     <table summary="URL form fields">
    7:       <tr>
  app/views/urls/add.html.erb:4:in `_app_views_urls_add_html_erb___1146718023687383605_70298087078240'


  Rendered /Users/Nish/.rbenv/versions/2.1.1/lib/ruby/gems/2.1.0/gems/actionpack-4.1.0/lib/action_dispatch/middleware/templates/rescues/_trace.html.erb (1.1ms)
  Rendered /Users/Nish/.rbenv/versions/2.1.1/lib/ruby/gems/2.1.0/gems/actionpack-4.1.0/lib/action_dispatch/middleware/templates/rescues/_request_and_response.html.erb (0.8ms)
  Rendered /Users/Nish/.rbenv/versions/2.1.1/lib/ruby/gems/2.1.0/gems/actionpack-4.1.0/lib/action_dispatch/middleware/templates/rescues/template_error.html.erb within rescues/layout (9.6ms)


Started GET "/urls/add" for 127.0.0.1 at 2014-07-29 00:08:06 +0100
Processing by UrlsController#add as HTML
  Rendered urls/add.html.erb within layouts/application (0.9ms)
Completed 200 OK in 7ms (Views: 5.3ms | ActiveRecord: 0.0ms)


Started GET "/assets/urls.css?body=1" for 127.0.0.1 at 2014-07-29 00:08:06 +0100


Started GET "/assets/urls.js?body=1" for 127.0.0.1 at 2014-07-29 00:08:06 +0100


Started POST "/urls/create" for 127.0.0.1 at 2014-07-29 00:08:09 +0100

ActionController::RoutingError (No route matches [POST] "/urls/create"):
  actionpack (4.1.0) lib/action_dispatch/middleware/debug_exceptions.rb:21:in `call'
  actionpack (4.1.0) lib/action_dispatch/middleware/show_exceptions.rb:30:in `call'
  railties (4.1.0) lib/rails/rack/logger.rb:38:in `call_app'
  railties (4.1.0) lib/rails/rack/logger.rb:20:in `block in call'
  activesupport (4.1.0) lib/active_support/tagged_logging.rb:68:in `block in tagged'
  activesupport (4.1.0) lib/active_support/tagged_logging.rb:26:in `tagged'
  activesupport (4.1.0) lib/active_support/tagged_logging.rb:68:in `tagged'
  railties (4.1.0) lib/rails/rack/logger.rb:20:in `call'
  actionpack (4.1.0) lib/action_dispatch/middleware/request_id.rb:21:in `call'
  rack (1.5.2) lib/rack/methodoverride.rb:21:in `call'
  rack (1.5.2) lib/rack/runtime.rb:17:in `call'
  activesupport (4.1.0) lib/active_support/cache/strategy/local_cache_middleware.rb:26:in `call'
  rack (1.5.2) lib/rack/lock.rb:17:in `call'
  actionpack (4.1.0) lib/action_dispatch/middleware/static.rb:64:in `call'
  rack (1.5.2) lib/rack/sendfile.rb:112:in `call'
  railties (4.1.0) lib/rails/engine.rb:514:in `call'
  railties (4.1.0) lib/rails/application.rb:144:in `call'
  rack (1.5.2) lib/rack/lock.rb:17:in `call'
  rack (1.5.2) lib/rack/content_length.rb:14:in `call'
  rack (1.5.2) lib/rack/handler/webrick.rb:60:in `service'
  /Users/Nish/.rbenv/versions/2.1.1/lib/ruby/2.1.0/webrick/httpserver.rb:138:in `service'
  /Users/Nish/.rbenv/versions/2.1.1/lib/ruby/2.1.0/webrick/httpserver.rb:94:in `run'
  /Users/Nish/.rbenv/versions/2.1.1/lib/ruby/2.1.0/webrick/server.rb:295:in `block in start_thread'


  Rendered /Users/Nish/.rbenv/versions/2.1.1/lib/ruby/gems/2.1.0/gems/actionpack-4.1.0/lib/action_dispatch/middleware/templates/rescues/_trace.html.erb (1.1ms)
  Rendered /Users/Nish/.rbenv/versions/2.1.1/lib/ruby/gems/2.1.0/gems/actionpack-4.1.0/lib/action_dispatch/middleware/templates/routes/_route.html.erb (1.3ms)
  Rendered /Users/Nish/.rbenv/versions/2.1.1/lib/ruby/gems/2.1.0/gems/actionpack-4.1.0/lib/action_dispatch/middleware/templates/routes/_table.html.erb (0.8ms)
  Rendered /Users/Nish/.rbenv/versions/2.1.1/lib/ruby/gems/2.1.0/gems/actionpack-4.1.0/lib/action_dispatch/middleware/templates/rescues/routing_error.html.erb within rescues/layout (17.0ms)


Started GET "/urls/add" for 127.0.0.1 at 2014-07-29 00:08:10 +0100
Processing by UrlsController#add as HTML
  Rendered urls/add.html.erb within layouts/application (1.1ms)
Completed 200 OK in 5ms (Views: 4.5ms | ActiveRecord: 0.0ms)


Started GET "/urls/add" for 127.0.0.1 at 2014-07-29 00:09:24 +0100
Processing by UrlsController#add as HTML
  Rendered urls/add.html.erb within layouts/application (0.7ms)
Completed 200 OK in 7ms (Views: 5.1ms | ActiveRecord: 0.0ms)


Started GET "/assets/urls.css?body=1" for 127.0.0.1 at 2014-07-29 00:09:24 +0100


Started GET "/assets/urls.js?body=1" for 127.0.0.1 at 2014-07-29 00:09:24 +0100


Started POST "/urls/create" for 127.0.0.1 at 2014-07-29 00:09:26 +0100

ActionController::RoutingError (No route matches [POST] "/urls/create"):
  actionpack (4.1.0) lib/action_dispatch/middleware/debug_exceptions.rb:21:in `call'
  actionpack (4.1.0) lib/action_dispatch/middleware/show_exceptions.rb:30:in `call'
  railties (4.1.0) lib/rails/rack/logger.rb:38:in `call_app'
  railties (4.1.0) lib/rails/rack/logger.rb:20:in `block in call'
  activesupport (4.1.0) lib/active_support/tagged_logging.rb:68:in `block in tagged'
  activesupport (4.1.0) lib/active_support/tagged_logging.rb:26:in `tagged'
  activesupport (4.1.0) lib/active_support/tagged_logging.rb:68:in `tagged'
  railties (4.1.0) lib/rails/rack/logger.rb:20:in `call'
  actionpack (4.1.0) lib/action_dispatch/middleware/request_id.rb:21:in `call'
  rack (1.5.2) lib/rack/methodoverride.rb:21:in `call'
  rack (1.5.2) lib/rack/runtime.rb:17:in `call'
  activesupport (4.1.0) lib/active_support/cache/strategy/local_cache_middleware.rb:26:in `call'
  rack (1.5.2) lib/rack/lock.rb:17:in `call'
  actionpack (4.1.0) lib/action_dispatch/middleware/static.rb:64:in `call'
  rack (1.5.2) lib/rack/sendfile.rb:112:in `call'
  railties (4.1.0) lib/rails/engine.rb:514:in `call'
  railties (4.1.0) lib/rails/application.rb:144:in `call'
  rack (1.5.2) lib/rack/lock.rb:17:in `call'
  rack (1.5.2) lib/rack/content_length.rb:14:in `call'
  rack (1.5.2) lib/rack/handler/webrick.rb:60:in `service'
  /Users/Nish/.rbenv/versions/2.1.1/lib/ruby/2.1.0/webrick/httpserver.rb:138:in `service'
  /Users/Nish/.rbenv/versions/2.1.1/lib/ruby/2.1.0/webrick/httpserver.rb:94:in `run'
  /Users/Nish/.rbenv/versions/2.1.1/lib/ruby/2.1.0/webrick/server.rb:295:in `block in start_thread'


  Rendered /Users/Nish/.rbenv/versions/2.1.1/lib/ruby/gems/2.1.0/gems/actionpack-4.1.0/lib/action_dispatch/middleware/templates/rescues/_trace.html.erb (1.0ms)
  Rendered /Users/Nish/.rbenv/versions/2.1.1/lib/ruby/gems/2.1.0/gems/actionpack-4.1.0/lib/action_dispatch/middleware/templates/routes/_route.html.erb (2.9ms)
  Rendered /Users/Nish/.rbenv/versions/2.1.1/lib/ruby/gems/2.1.0/gems/actionpack-4.1.0/lib/action_dispatch/middleware/templates/routes/_table.html.erb (1.1ms)
  Rendered /Users/Nish/.rbenv/versions/2.1.1/lib/ruby/gems/2.1.0/gems/actionpack-4.1.0/lib/action_dispatch/middleware/templates/rescues/routing_error.html.erb within rescues/layout (17.2ms)


Started GET "/urls/add" for 127.0.0.1 at 2014-07-29 00:09:39 +0100
Processing by UrlsController#add as HTML
  Rendered urls/add.html.erb within layouts/application (1.2ms)
Completed 200 OK in 7ms (Views: 6.5ms | ActiveRecord: 0.0ms)


Started POST "/urls/create" for 127.0.0.1 at 2014-07-29 00:10:23 +0100
Processing by UrlsController#create as HTML
  Parameters: {"utf8"=>"✓", "authenticity_token"=>"qbfNleRBuBXC5eDl227rRDeDQ7rqNgsCMDrWYf5B4rM=", "subject"=>{"long_url"=>"dg"}, "commit"=>"Create URL"}
Completed 500 Internal Server Error in 5ms

NameError (undefined local variable or method `url_params' for #<UrlsController:0x007fdf1c8dbeb0>):
  app/controllers/urls_controller.rb:12:in `create'


  Rendered /Users/Nish/.rbenv/versions/2.1.1/lib/ruby/gems/2.1.0/gems/actionpack-4.1.0/lib/action_dispatch/middleware/templates/rescues/_source.erb (0.6ms)
  Rendered /Users/Nish/.rbenv/versions/2.1.1/lib/ruby/gems/2.1.0/gems/actionpack-4.1.0/lib/action_dispatch/middleware/templates/rescues/_trace.html.erb (1.0ms)
  Rendered /Users/Nish/.rbenv/versions/2.1.1/lib/ruby/gems/2.1.0/gems/actionpack-4.1.0/lib/action_dispatch/middleware/templates/rescues/_request_and_response.html.erb (0.9ms)
  Rendered /Users/Nish/.rbenv/versions/2.1.1/lib/ruby/gems/2.1.0/gems/actionpack-4.1.0/lib/action_dispatch/middleware/templates/rescues/diagnostics.erb within rescues/layout (15.1ms)


Started GET "/urls/create" for 127.0.0.1 at 2014-07-29 00:13:41 +0100
Processing by UrlsController#create as HTML
Completed 400 Bad Request in 3ms

ActionController::ParameterMissing (param is missing or the value is empty: longurl):
  app/controllers/urls_controller.rb:12:in `create'


  Rendered /Users/Nish/.rbenv/versions/2.1.1/lib/ruby/gems/2.1.0/gems/actionpack-4.1.0/lib/action_dispatch/middleware/templates/rescues/_source.erb (0.5ms)
  Rendered /Users/Nish/.rbenv/versions/2.1.1/lib/ruby/gems/2.1.0/gems/actionpack-4.1.0/lib/action_dispatch/middleware/templates/rescues/_trace.html.erb (2.3ms)
  Rendered /Users/Nish/.rbenv/versions/2.1.1/lib/ruby/gems/2.1.0/gems/actionpack-4.1.0/lib/action_dispatch/middleware/templates/rescues/_request_and_response.html.erb (1.1ms)
  Rendered /Users/Nish/.rbenv/versions/2.1.1/lib/ruby/gems/2.1.0/gems/actionpack-4.1.0/lib/action_dispatch/middleware/templates/rescues/diagnostics.erb within rescues/layout (17.1ms)


Started POST "/urls/create" for 127.0.0.1 at 2014-07-29 00:13:43 +0100
Processing by UrlsController#create as HTML
  Parameters: {"utf8"=>"✓", "authenticity_token"=>"qbfNleRBuBXC5eDl227rRDeDQ7rqNgsCMDrWYf5B4rM=", "subject"=>{"long_url"=>"dsgdg"}, "commit"=>"Create URL"}
Completed 400 Bad Request in 1ms

ActionController::ParameterMissing (param is missing or the value is empty: longurl):
  app/controllers/urls_controller.rb:12:in `create'


  Rendered /Users/Nish/.rbenv/versions/2.1.1/lib/ruby/gems/2.1.0/gems/actionpack-4.1.0/lib/action_dispatch/middleware/templates/rescues/_source.erb (0.5ms)
  Rendered /Users/Nish/.rbenv/versions/2.1.1/lib/ruby/gems/2.1.0/gems/actionpack-4.1.0/lib/action_dispatch/middleware/templates/rescues/_trace.html.erb (1.3ms)
  Rendered /Users/Nish/.rbenv/versions/2.1.1/lib/ruby/gems/2.1.0/gems/actionpack-4.1.0/lib/action_dispatch/middleware/templates/rescues/_request_and_response.html.erb (1.0ms)
  Rendered /Users/Nish/.rbenv/versions/2.1.1/lib/ruby/gems/2.1.0/gems/actionpack-4.1.0/lib/action_dispatch/middleware/templates/rescues/diagnostics.erb within rescues/layout (16.7ms)


Started GET "/urls/add" for 127.0.0.1 at 2014-07-29 00:13:46 +0100
Processing by UrlsController#add as HTML
  Rendered urls/add.html.erb within layouts/application (0.8ms)
Completed 200 OK in 5ms (Views: 4.7ms | ActiveRecord: 0.0ms)


Started GET "/assets/urls.css?body=1" for 127.0.0.1 at 2014-07-29 00:13:46 +0100


Started GET "/assets/urls.js?body=1" for 127.0.0.1 at 2014-07-29 00:13:46 +0100


Started POST "/urls/create" for 127.0.0.1 at 2014-07-29 00:13:48 +0100
Processing by UrlsController#create as HTML
  Parameters: {"utf8"=>"✓", "authenticity_token"=>"qbfNleRBuBXC5eDl227rRDeDQ7rqNgsCMDrWYf5B4rM=", "subject"=>{"long_url"=>"dgsdg"}, "commit"=>"Create URL"}
Completed 400 Bad Request in 0ms

ActionController::ParameterMissing (param is missing or the value is empty: longurl):
  app/controllers/urls_controller.rb:12:in `create'


  Rendered /Users/Nish/.rbenv/versions/2.1.1/lib/ruby/gems/2.1.0/gems/actionpack-4.1.0/lib/action_dispatch/middleware/templates/rescues/_source.erb (0.7ms)
  Rendered /Users/Nish/.rbenv/versions/2.1.1/lib/ruby/gems/2.1.0/gems/actionpack-4.1.0/lib/action_dispatch/middleware/templates/rescues/_trace.html.erb (1.0ms)
  Rendered /Users/Nish/.rbenv/versions/2.1.1/lib/ruby/gems/2.1.0/gems/actionpack-4.1.0/lib/action_dispatch/middleware/templates/rescues/_request_and_response.html.erb (0.8ms)
  Rendered /Users/Nish/.rbenv/versions/2.1.1/lib/ruby/gems/2.1.0/gems/actionpack-4.1.0/lib/action_dispatch/middleware/templates/rescues/diagnostics.erb within rescues/layout (13.7ms)


Started GET "/urls/add" for 127.0.0.1 at 2014-07-29 00:13:51 +0100
Processing by UrlsController#add as HTML
  Rendered urls/add.html.erb within layouts/application (0.6ms)
Completed 200 OK in 5ms (Views: 4.1ms | ActiveRecord: 0.0ms)


Started GET "/urls/index" for 127.0.0.1 at 2014-07-29 00:13:57 +0100
Processing by UrlsController#index as HTML
  [1m[36mUrl Load (0.7ms)[0m  [1mSELECT `urls`.* FROM `urls`[0m
  Rendered urls/index.html.erb within layouts/application (6.7ms)
Completed 200 OK in 12ms (Views: 8.4ms | ActiveRecord: 2.0ms)


Started POST "/urls/create" for 127.0.0.1 at 2014-07-29 00:14:01 +0100
Processing by UrlsController#create as HTML
  Parameters: {"utf8"=>"✓", "authenticity_token"=>"qbfNleRBuBXC5eDl227rRDeDQ7rqNgsCMDrWYf5B4rM=", "subject"=>{"long_url"=>"dgsdg"}, "commit"=>"Create URL"}
Completed 400 Bad Request in 0ms

ActionController::ParameterMissing (param is missing or the value is empty: long_url):
  app/controllers/urls_controller.rb:12:in `create'


  Rendered /Users/Nish/.rbenv/versions/2.1.1/lib/ruby/gems/2.1.0/gems/actionpack-4.1.0/lib/action_dispatch/middleware/templates/rescues/_source.erb (0.8ms)
  Rendered /Users/Nish/.rbenv/versions/2.1.1/lib/ruby/gems/2.1.0/gems/actionpack-4.1.0/lib/action_dispatch/middleware/templates/rescues/_trace.html.erb (1.1ms)
  Rendered /Users/Nish/.rbenv/versions/2.1.1/lib/ruby/gems/2.1.0/gems/actionpack-4.1.0/lib/action_dispatch/middleware/templates/rescues/_request_and_response.html.erb (0.8ms)
  Rendered /Users/Nish/.rbenv/versions/2.1.1/lib/ruby/gems/2.1.0/gems/actionpack-4.1.0/lib/action_dispatch/middleware/templates/rescues/diagnostics.erb within rescues/layout (13.3ms)


Started GET "/urls/add" for 127.0.0.1 at 2014-07-29 00:14:03 +0100
Processing by UrlsController#add as HTML
  Rendered urls/add.html.erb within layouts/application (0.7ms)
Completed 200 OK in 4ms (Views: 4.1ms | ActiveRecord: 0.0ms)


Started GET "/assets/urls.css?body=1" for 127.0.0.1 at 2014-07-29 00:14:03 +0100


Started GET "/assets/urls.js?body=1" for 127.0.0.1 at 2014-07-29 00:14:03 +0100


Started POST "/urls/create" for 127.0.0.1 at 2014-07-29 00:14:05 +0100
Processing by UrlsController#create as HTML
  Parameters: {"utf8"=>"✓", "authenticity_token"=>"qbfNleRBuBXC5eDl227rRDeDQ7rqNgsCMDrWYf5B4rM=", "subject"=>{"long_url"=>"dsg"}, "commit"=>"Create URL"}
Completed 400 Bad Request in 0ms

ActionController::ParameterMissing (param is missing or the value is empty: long_url):
  app/controllers/urls_controller.rb:12:in `create'


  Rendered /Users/Nish/.rbenv/versions/2.1.1/lib/ruby/gems/2.1.0/gems/actionpack-4.1.0/lib/action_dispatch/middleware/templates/rescues/_source.erb (0.6ms)
  Rendered /Users/Nish/.rbenv/versions/2.1.1/lib/ruby/gems/2.1.0/gems/actionpack-4.1.0/lib/action_dispatch/middleware/templates/rescues/_trace.html.erb (1.0ms)
  Rendered /Users/Nish/.rbenv/versions/2.1.1/lib/ruby/gems/2.1.0/gems/actionpack-4.1.0/lib/action_dispatch/middleware/templates/rescues/_request_and_response.html.erb (0.8ms)
  Rendered /Users/Nish/.rbenv/versions/2.1.1/lib/ruby/gems/2.1.0/gems/actionpack-4.1.0/lib/action_dispatch/middleware/templates/rescues/diagnostics.erb within rescues/layout (13.1ms)


Started GET "/urls/create" for 127.0.0.1 at 2014-07-29 00:17:04 +0100
Processing by UrlsController#create as HTML
Completed 400 Bad Request in 1ms

ActionController::ParameterMissing (param is missing or the value is empty: long_url):
  app/controllers/urls_controller.rb:12:in `create'


  Rendered /Users/Nish/.rbenv/versions/2.1.1/lib/ruby/gems/2.1.0/gems/actionpack-4.1.0/lib/action_dispatch/middleware/templates/rescues/_source.erb (0.5ms)
  Rendered /Users/Nish/.rbenv/versions/2.1.1/lib/ruby/gems/2.1.0/gems/actionpack-4.1.0/lib/action_dispatch/middleware/templates/rescues/_trace.html.erb (0.9ms)
  Rendered /Users/Nish/.rbenv/versions/2.1.1/lib/ruby/gems/2.1.0/gems/actionpack-4.1.0/lib/action_dispatch/middleware/templates/rescues/_request_and_response.html.erb (1.0ms)
  Rendered /Users/Nish/.rbenv/versions/2.1.1/lib/ruby/gems/2.1.0/gems/actionpack-4.1.0/lib/action_dispatch/middleware/templates/rescues/diagnostics.erb within rescues/layout (12.5ms)


Started GET "/urls/create" for 127.0.0.1 at 2014-07-29 00:17:06 +0100
Processing by UrlsController#create as HTML
Completed 400 Bad Request in 0ms

ActionController::ParameterMissing (param is missing or the value is empty: long_url):
  app/controllers/urls_controller.rb:12:in `create'


  Rendered /Users/Nish/.rbenv/versions/2.1.1/lib/ruby/gems/2.1.0/gems/actionpack-4.1.0/lib/action_dispatch/middleware/templates/rescues/_source.erb (0.5ms)
  Rendered /Users/Nish/.rbenv/versions/2.1.1/lib/ruby/gems/2.1.0/gems/actionpack-4.1.0/lib/action_dispatch/middleware/templates/rescues/_trace.html.erb (0.9ms)
  Rendered /Users/Nish/.rbenv/versions/2.1.1/lib/ruby/gems/2.1.0/gems/actionpack-4.1.0/lib/action_dispatch/middleware/templates/rescues/_request_and_response.html.erb (0.7ms)
  Rendered /Users/Nish/.rbenv/versions/2.1.1/lib/ruby/gems/2.1.0/gems/actionpack-4.1.0/lib/action_dispatch/middleware/templates/rescues/diagnostics.erb within rescues/layout (12.1ms)


Started GET "/urls/" for 127.0.0.1 at 2014-07-29 00:17:06 +0100
Processing by UrlsController#index as HTML
  [1m[35mUrl Load (0.3ms)[0m  SELECT `urls`.* FROM `urls`
  Rendered urls/index.html.erb within layouts/application (6.6ms)
Completed 200 OK in 11ms (Views: 8.2ms | ActiveRecord: 2.1ms)


Started GET "/assets/urls.css?body=1" for 127.0.0.1 at 2014-07-29 00:17:06 +0100


Started GET "/assets/urls.js?body=1" for 127.0.0.1 at 2014-07-29 00:17:06 +0100


Started GET "/urls/index" for 127.0.0.1 at 2014-07-29 00:17:10 +0100
Processing by UrlsController#index as HTML
  [1m[36mUrl Load (0.2ms)[0m  [1mSELECT `urls`.* FROM `urls`[0m
  Rendered urls/index.html.erb within layouts/application (0.6ms)
Completed 200 OK in 4ms (Views: 3.5ms | ActiveRecord: 0.2ms)


Started GET "/assets/urls.css?body=1" for 127.0.0.1 at 2014-07-29 00:17:10 +0100


Started GET "/assets/jquery_ujs.js?body=1" for 127.0.0.1 at 2014-07-29 00:17:10 +0100


Started GET "/assets/application.css?body=1" for 127.0.0.1 at 2014-07-29 00:17:10 +0100


Started GET "/assets/static.css?body=1" for 127.0.0.1 at 2014-07-29 00:17:10 +0100


Started GET "/assets/turbolinks.js?body=1" for 127.0.0.1 at 2014-07-29 00:17:10 +0100


Started GET "/assets/static.js?body=1" for 127.0.0.1 at 2014-07-29 00:17:10 +0100


Started GET "/assets/urls.js?body=1" for 127.0.0.1 at 2014-07-29 00:17:10 +0100


Started GET "/assets/jquery.js?body=1" for 127.0.0.1 at 2014-07-29 00:17:10 +0100


Started GET "/assets/application.js?body=1" for 127.0.0.1 at 2014-07-29 00:17:10 +0100


Started GET "/urls/" for 127.0.0.1 at 2014-07-29 00:17:11 +0100
Processing by UrlsController#index as HTML
  [1m[35mUrl Load (0.2ms)[0m  SELECT `urls`.* FROM `urls`
  Rendered urls/index.html.erb within layouts/application (0.5ms)
Completed 200 OK in 4ms (Views: 3.5ms | ActiveRecord: 0.2ms)


Started GET "/urls/" for 127.0.0.1 at 2014-07-29 00:17:11 +0100
Processing by UrlsController#index as HTML
  [1m[36mUrl Load (0.2ms)[0m  [1mSELECT `urls`.* FROM `urls`[0m
  Rendered urls/index.html.erb within layouts/application (0.5ms)
Completed 200 OK in 4ms (Views: 3.4ms | ActiveRecord: 0.2ms)


Started GET "/assets/static.css?body=1" for 127.0.0.1 at 2014-07-29 00:17:11 +0100


Started GET "/assets/jquery_ujs.js?body=1" for 127.0.0.1 at 2014-07-29 00:17:11 +0100


Started GET "/assets/application.css?body=1" for 127.0.0.1 at 2014-07-29 00:17:11 +0100


Started GET "/assets/turbolinks.js?body=1" for 127.0.0.1 at 2014-07-29 00:17:11 +0100


Started GET "/assets/urls.css?body=1" for 127.0.0.1 at 2014-07-29 00:17:11 +0100


Started GET "/assets/jquery.js?body=1" for 127.0.0.1 at 2014-07-29 00:17:11 +0100


Started GET "/assets/static.js?body=1" for 127.0.0.1 at 2014-07-29 00:17:11 +0100


Started GET "/assets/urls.js?body=1" for 127.0.0.1 at 2014-07-29 00:17:11 +0100


Started GET "/assets/application.js?body=1" for 127.0.0.1 at 2014-07-29 00:17:11 +0100


Started GET "/urls/add" for 127.0.0.1 at 2014-07-29 00:17:11 +0100
Processing by UrlsController#add as HTML
  Rendered urls/add.html.erb within layouts/application (1.2ms)
Completed 200 OK in 5ms (Views: 4.6ms | ActiveRecord: 0.0ms)


Started GET "/assets/static.css?body=1" for 127.0.0.1 at 2014-07-29 00:17:11 +0100


Started GET "/assets/jquery_ujs.js?body=1" for 127.0.0.1 at 2014-07-29 00:17:11 +0100


Started GET "/assets/application.css?body=1" for 127.0.0.1 at 2014-07-29 00:17:11 +0100


Started GET "/assets/turbolinks.js?body=1" for 127.0.0.1 at 2014-07-29 00:17:11 +0100


Started GET "/assets/static.js?body=1" for 127.0.0.1 at 2014-07-29 00:17:11 +0100


Started GET "/assets/urls.css?body=1" for 127.0.0.1 at 2014-07-29 00:17:11 +0100


Started GET "/assets/jquery.js?body=1" for 127.0.0.1 at 2014-07-29 00:17:11 +0100


Started GET "/assets/urls.js?body=1" for 127.0.0.1 at 2014-07-29 00:17:11 +0100


Started GET "/assets/application.js?body=1" for 127.0.0.1 at 2014-07-29 00:17:11 +0100


Started POST "/urls/create" for 127.0.0.1 at 2014-07-29 00:17:13 +0100
Processing by UrlsController#create as HTML
  Parameters: {"utf8"=>"✓", "authenticity_token"=>"qbfNleRBuBXC5eDl227rRDeDQ7rqNgsCMDrWYf5B4rM=", "subject"=>{"long_url"=>"dsgdsg"}, "commit"=>"Create URL"}
Completed 400 Bad Request in 0ms

ActionController::ParameterMissing (param is missing or the value is empty: long_url):
  app/controllers/urls_controller.rb:12:in `create'


  Rendered /Users/Nish/.rbenv/versions/2.1.1/lib/ruby/gems/2.1.0/gems/actionpack-4.1.0/lib/action_dispatch/middleware/templates/rescues/_source.erb (0.6ms)
  Rendered /Users/Nish/.rbenv/versions/2.1.1/lib/ruby/gems/2.1.0/gems/actionpack-4.1.0/lib/action_dispatch/middleware/templates/rescues/_trace.html.erb (1.8ms)
  Rendered /Users/Nish/.rbenv/versions/2.1.1/lib/ruby/gems/2.1.0/gems/actionpack-4.1.0/lib/action_dispatch/middleware/templates/rescues/_request_and_response.html.erb (0.9ms)
  Rendered /Users/Nish/.rbenv/versions/2.1.1/lib/ruby/gems/2.1.0/gems/actionpack-4.1.0/lib/action_dispatch/middleware/templates/rescues/diagnostics.erb within rescues/layout (14.8ms)


Started GET "/urls/create" for 127.0.0.1 at 2014-07-29 00:17:40 +0100
Processing by UrlsController#create as HTML
Completed 400 Bad Request in 0ms

ActionController::ParameterMissing (param is missing or the value is empty: long_url):
  app/controllers/urls_controller.rb:12:in `create'


  Rendered /Users/Nish/.rbenv/versions/2.1.1/lib/ruby/gems/2.1.0/gems/actionpack-4.1.0/lib/action_dispatch/middleware/templates/rescues/_source.erb (0.6ms)
  Rendered /Users/Nish/.rbenv/versions/2.1.1/lib/ruby/gems/2.1.0/gems/actionpack-4.1.0/lib/action_dispatch/middleware/templates/rescues/_trace.html.erb (0.9ms)
  Rendered /Users/Nish/.rbenv/versions/2.1.1/lib/ruby/gems/2.1.0/gems/actionpack-4.1.0/lib/action_dispatch/middleware/templates/rescues/_request_and_response.html.erb (0.7ms)
  Rendered /Users/Nish/.rbenv/versions/2.1.1/lib/ruby/gems/2.1.0/gems/actionpack-4.1.0/lib/action_dispatch/middleware/templates/rescues/diagnostics.erb within rescues/layout (13.3ms)


Started GET "/urls/add" for 127.0.0.1 at 2014-07-29 00:17:41 +0100
Processing by UrlsController#add as HTML
  Rendered urls/add.html.erb within layouts/application (3.8ms)
Completed 200 OK in 9ms (Views: 8.4ms | ActiveRecord: 0.0ms)


Started POST "/urls/create" for 127.0.0.1 at 2014-07-29 00:17:42 +0100
Processing by UrlsController#create as HTML
  Parameters: {"utf8"=>"✓", "authenticity_token"=>"qbfNleRBuBXC5eDl227rRDeDQ7rqNgsCMDrWYf5B4rM=", "urls"=>{"long_url"=>"sdf"}, "commit"=>"Create URL"}
Completed 400 Bad Request in 0ms

ActionController::ParameterMissing (param is missing or the value is empty: long_url):
  app/controllers/urls_controller.rb:12:in `create'


  Rendered /Users/Nish/.rbenv/versions/2.1.1/lib/ruby/gems/2.1.0/gems/actionpack-4.1.0/lib/action_dispatch/middleware/templates/rescues/_source.erb (0.7ms)
  Rendered /Users/Nish/.rbenv/versions/2.1.1/lib/ruby/gems/2.1.0/gems/actionpack-4.1.0/lib/action_dispatch/middleware/templates/rescues/_trace.html.erb (1.1ms)
  Rendered /Users/Nish/.rbenv/versions/2.1.1/lib/ruby/gems/2.1.0/gems/actionpack-4.1.0/lib/action_dispatch/middleware/templates/rescues/_request_and_response.html.erb (0.8ms)
  Rendered /Users/Nish/.rbenv/versions/2.1.1/lib/ruby/gems/2.1.0/gems/actionpack-4.1.0/lib/action_dispatch/middleware/templates/rescues/diagnostics.erb within rescues/layout (14.4ms)


Started POST "/urls/create" for 127.0.0.1 at 2014-07-29 00:18:15 +0100
Processing by UrlsController#create as HTML
  Parameters: {"utf8"=>"✓", "authenticity_token"=>"qbfNleRBuBXC5eDl227rRDeDQ7rqNgsCMDrWYf5B4rM=", "subject"=>{"long_url"=>"dsgdsgsdf"}, "commit"=>"Create URL"}
Completed 400 Bad Request in 0ms

ActionController::ParameterMissing (param is missing or the value is empty: long_url):
  app/controllers/urls_controller.rb:12:in `create'


  Rendered /Users/Nish/.rbenv/versions/2.1.1/lib/ruby/gems/2.1.0/gems/actionpack-4.1.0/lib/action_dispatch/middleware/templates/rescues/_source.erb (0.7ms)
  Rendered /Users/Nish/.rbenv/versions/2.1.1/lib/ruby/gems/2.1.0/gems/actionpack-4.1.0/lib/action_dispatch/middleware/templates/rescues/_trace.html.erb (1.0ms)
  Rendered /Users/Nish/.rbenv/versions/2.1.1/lib/ruby/gems/2.1.0/gems/actionpack-4.1.0/lib/action_dispatch/middleware/templates/rescues/_request_and_response.html.erb (0.8ms)
  Rendered /Users/Nish/.rbenv/versions/2.1.1/lib/ruby/gems/2.1.0/gems/actionpack-4.1.0/lib/action_dispatch/middleware/templates/rescues/diagnostics.erb within rescues/layout (13.5ms)


Started GET "/urls/add" for 127.0.0.1 at 2014-07-29 00:18:17 +0100
Processing by UrlsController#add as HTML
  Rendered urls/add.html.erb within layouts/application (1.1ms)
Completed 200 OK in 6ms (Views: 5.5ms | ActiveRecord: 0.0ms)


Started GET "/assets/application.css?body=1" for 127.0.0.1 at 2014-07-29 00:18:17 +0100


Started GET "/assets/turbolinks.js?body=1" for 127.0.0.1 at 2014-07-29 00:18:17 +0100


Started GET "/assets/jquery.js?body=1" for 127.0.0.1 at 2014-07-29 00:18:17 +0100


Started GET "/assets/jquery_ujs.js?body=1" for 127.0.0.1 at 2014-07-29 00:18:17 +0100


Started GET "/assets/application.js?body=1" for 127.0.0.1 at 2014-07-29 00:18:17 +0100


Started GET "/assets/static.js?body=1" for 127.0.0.1 at 2014-07-29 00:18:17 +0100


Started GET "/assets/urls.js?body=1" for 127.0.0.1 at 2014-07-29 00:18:17 +0100


Started POST "/urls/create" for 127.0.0.1 at 2014-07-29 00:18:18 +0100
Processing by UrlsController#create as HTML
  Parameters: {"utf8"=>"✓", "authenticity_token"=>"qbfNleRBuBXC5eDl227rRDeDQ7rqNgsCMDrWYf5B4rM=", "url"=>{"long_url"=>"sdf"}, "commit"=>"Create URL"}
Completed 400 Bad Request in 0ms

ActionController::ParameterMissing (param is missing or the value is empty: long_url):
  app/controllers/urls_controller.rb:12:in `create'


  Rendered /Users/Nish/.rbenv/versions/2.1.1/lib/ruby/gems/2.1.0/gems/actionpack-4.1.0/lib/action_dispatch/middleware/templates/rescues/_source.erb (0.7ms)
  Rendered /Users/Nish/.rbenv/versions/2.1.1/lib/ruby/gems/2.1.0/gems/actionpack-4.1.0/lib/action_dispatch/middleware/templates/rescues/_trace.html.erb (1.1ms)
  Rendered /Users/Nish/.rbenv/versions/2.1.1/lib/ruby/gems/2.1.0/gems/actionpack-4.1.0/lib/action_dispatch/middleware/templates/rescues/_request_and_response.html.erb (1.4ms)
  Rendered /Users/Nish/.rbenv/versions/2.1.1/lib/ruby/gems/2.1.0/gems/actionpack-4.1.0/lib/action_dispatch/middleware/templates/rescues/diagnostics.erb within rescues/layout (17.2ms)


Started GET "/urls/create" for 127.0.0.1 at 2014-07-29 00:18:57 +0100
Processing by UrlsController#create as HTML
Completed 400 Bad Request in 0ms

ActionController::ParameterMissing (param is missing or the value is empty: long_url):
  app/controllers/urls_controller.rb:12:in `create'


  Rendered /Users/Nish/.rbenv/versions/2.1.1/lib/ruby/gems/2.1.0/gems/actionpack-4.1.0/lib/action_dispatch/middleware/templates/rescues/_source.erb (0.6ms)
  Rendered /Users/Nish/.rbenv/versions/2.1.1/lib/ruby/gems/2.1.0/gems/actionpack-4.1.0/lib/action_dispatch/middleware/templates/rescues/_trace.html.erb (1.2ms)
  Rendered /Users/Nish/.rbenv/versions/2.1.1/lib/ruby/gems/2.1.0/gems/actionpack-4.1.0/lib/action_dispatch/middleware/templates/rescues/_request_and_response.html.erb (0.8ms)
  Rendered /Users/Nish/.rbenv/versions/2.1.1/lib/ruby/gems/2.1.0/gems/actionpack-4.1.0/lib/action_dispatch/middleware/templates/rescues/diagnostics.erb within rescues/layout (15.9ms)


Started GET "/urls/" for 127.0.0.1 at 2014-07-29 00:18:59 +0100
Processing by UrlsController#index as HTML
  [1m[35mUrl Load (0.2ms)[0m  SELECT `urls`.* FROM `urls`
  Rendered urls/index.html.erb within layouts/application (0.6ms)
Completed 200 OK in 4ms (Views: 3.7ms | ActiveRecord: 0.2ms)


Started GET "/assets/static.css?body=1" for 127.0.0.1 at 2014-07-29 00:18:59 +0100


Started GET "/assets/application.css?body=1" for 127.0.0.1 at 2014-07-29 00:18:59 +0100


Started GET "/assets/urls.css?body=1" for 127.0.0.1 at 2014-07-29 00:18:59 +0100


Started GET "/assets/jquery_ujs.js?body=1" for 127.0.0.1 at 2014-07-29 00:18:59 +0100


Started GET "/assets/turbolinks.js?body=1" for 127.0.0.1 at 2014-07-29 00:18:59 +0100


Started GET "/assets/jquery.js?body=1" for 127.0.0.1 at 2014-07-29 00:18:59 +0100


Started GET "/assets/static.js?body=1" for 127.0.0.1 at 2014-07-29 00:18:59 +0100


Started GET "/assets/urls.js?body=1" for 127.0.0.1 at 2014-07-29 00:18:59 +0100


Started GET "/assets/application.js?body=1" for 127.0.0.1 at 2014-07-29 00:18:59 +0100


Started GET "/urls/add" for 127.0.0.1 at 2014-07-29 00:19:00 +0100
Processing by UrlsController#add as HTML
  Rendered urls/add.html.erb within layouts/application (1.0ms)
Completed 200 OK in 5ms (Views: 4.2ms | ActiveRecord: 0.0ms)


Started GET "/assets/jquery_ujs.js?body=1" for 127.0.0.1 at 2014-07-29 00:19:00 +0100


Started GET "/assets/turbolinks.js?body=1" for 127.0.0.1 at 2014-07-29 00:19:00 +0100


Started GET "/assets/jquery.js?body=1" for 127.0.0.1 at 2014-07-29 00:19:00 +0100


Started GET "/assets/application.css?body=1" for 127.0.0.1 at 2014-07-29 00:19:00 +0100


Started GET "/assets/static.css?body=1" for 127.0.0.1 at 2014-07-29 00:19:00 +0100


Started GET "/assets/urls.css?body=1" for 127.0.0.1 at 2014-07-29 00:19:00 +0100


Started GET "/assets/static.js?body=1" for 127.0.0.1 at 2014-07-29 00:19:00 +0100


Started GET "/assets/urls.js?body=1" for 127.0.0.1 at 2014-07-29 00:19:00 +0100


Started GET "/assets/application.js?body=1" for 127.0.0.1 at 2014-07-29 00:19:00 +0100


Started POST "/urls/create" for 127.0.0.1 at 2014-07-29 00:19:01 +0100
Processing by UrlsController#create as HTML
  Parameters: {"utf8"=>"✓", "authenticity_token"=>"qbfNleRBuBXC5eDl227rRDeDQ7rqNgsCMDrWYf5B4rM=", "url"=>{"long_url"=>"f"}, "commit"=>"Create URL"}
Completed 400 Bad Request in 0ms

ActionController::ParameterMissing (param is missing or the value is empty: long_url):
  app/controllers/urls_controller.rb:12:in `create'


  Rendered /Users/Nish/.rbenv/versions/2.1.1/lib/ruby/gems/2.1.0/gems/actionpack-4.1.0/lib/action_dispatch/middleware/templates/rescues/_source.erb (0.5ms)
  Rendered /Users/Nish/.rbenv/versions/2.1.1/lib/ruby/gems/2.1.0/gems/actionpack-4.1.0/lib/action_dispatch/middleware/templates/rescues/_trace.html.erb (2.2ms)
  Rendered /Users/Nish/.rbenv/versions/2.1.1/lib/ruby/gems/2.1.0/gems/actionpack-4.1.0/lib/action_dispatch/middleware/templates/rescues/_request_and_response.html.erb (0.8ms)
  Rendered /Users/Nish/.rbenv/versions/2.1.1/lib/ruby/gems/2.1.0/gems/actionpack-4.1.0/lib/action_dispatch/middleware/templates/rescues/diagnostics.erb within rescues/layout (14.6ms)


Started GET "/urls/create" for 127.0.0.1 at 2014-07-29 00:19:44 +0100
Processing by UrlsController#create as HTML
Completed 400 Bad Request in 1ms

ActionController::ParameterMissing (param is missing or the value is empty: url):
  app/controllers/urls_controller.rb:12:in `create'


  Rendered /Users/Nish/.rbenv/versions/2.1.1/lib/ruby/gems/2.1.0/gems/actionpack-4.1.0/lib/action_dispatch/middleware/templates/rescues/_source.erb (0.5ms)
  Rendered /Users/Nish/.rbenv/versions/2.1.1/lib/ruby/gems/2.1.0/gems/actionpack-4.1.0/lib/action_dispatch/middleware/templates/rescues/_trace.html.erb (1.0ms)
  Rendered /Users/Nish/.rbenv/versions/2.1.1/lib/ruby/gems/2.1.0/gems/actionpack-4.1.0/lib/action_dispatch/middleware/templates/rescues/_request_and_response.html.erb (0.8ms)
  Rendered /Users/Nish/.rbenv/versions/2.1.1/lib/ruby/gems/2.1.0/gems/actionpack-4.1.0/lib/action_dispatch/middleware/templates/rescues/diagnostics.erb within rescues/layout (16.5ms)


Started GET "/urls/add" for 127.0.0.1 at 2014-07-29 00:19:46 +0100
Processing by UrlsController#add as HTML
  Rendered urls/add.html.erb within layouts/application (1.2ms)
Completed 200 OK in 9ms (Views: 5.1ms | ActiveRecord: 2.6ms)


Started POST "/urls/create" for 127.0.0.1 at 2014-07-29 00:19:47 +0100
Processing by UrlsController#create as HTML
  Parameters: {"utf8"=>"✓", "authenticity_token"=>"qbfNleRBuBXC5eDl227rRDeDQ7rqNgsCMDrWYf5B4rM=", "url"=>{"long_url"=>"sdf"}, "commit"=>"Create URL"}
Completed 500 Internal Server Error in 1ms

ActiveModel::ForbiddenAttributesError (ActiveModel::ForbiddenAttributesError):
  app/controllers/urls_controller.rb:12:in `create'


  Rendered /Users/Nish/.rbenv/versions/2.1.1/lib/ruby/gems/2.1.0/gems/actionpack-4.1.0/lib/action_dispatch/middleware/templates/rescues/_source.erb (0.6ms)
  Rendered /Users/Nish/.rbenv/versions/2.1.1/lib/ruby/gems/2.1.0/gems/actionpack-4.1.0/lib/action_dispatch/middleware/templates/rescues/_trace.html.erb (0.9ms)
  Rendered /Users/Nish/.rbenv/versions/2.1.1/lib/ruby/gems/2.1.0/gems/actionpack-4.1.0/lib/action_dispatch/middleware/templates/rescues/_request_and_response.html.erb (0.8ms)
  Rendered /Users/Nish/.rbenv/versions/2.1.1/lib/ruby/gems/2.1.0/gems/actionpack-4.1.0/lib/action_dispatch/middleware/templates/rescues/diagnostics.erb within rescues/layout (12.3ms)


Started GET "/urls/create" for 127.0.0.1 at 2014-07-29 00:21:02 +0100
Processing by UrlsController#create as HTML
Completed 400 Bad Request in 1ms

ActionController::ParameterMissing (param is missing or the value is empty: url):
  app/controllers/urls_controller.rb:12:in `create'


  Rendered /Users/Nish/.rbenv/versions/2.1.1/lib/ruby/gems/2.1.0/gems/actionpack-4.1.0/lib/action_dispatch/middleware/templates/rescues/_source.erb (0.5ms)
  Rendered /Users/Nish/.rbenv/versions/2.1.1/lib/ruby/gems/2.1.0/gems/actionpack-4.1.0/lib/action_dispatch/middleware/templates/rescues/_trace.html.erb (0.9ms)
  Rendered /Users/Nish/.rbenv/versions/2.1.1/lib/ruby/gems/2.1.0/gems/actionpack-4.1.0/lib/action_dispatch/middleware/templates/rescues/_request_and_response.html.erb (0.8ms)
  Rendered /Users/Nish/.rbenv/versions/2.1.1/lib/ruby/gems/2.1.0/gems/actionpack-4.1.0/lib/action_dispatch/middleware/templates/rescues/diagnostics.erb within rescues/layout (12.8ms)


Started POST "/urls/create" for 127.0.0.1 at 2014-07-29 00:21:05 +0100
Processing by UrlsController#create as HTML
  Parameters: {"utf8"=>"✓", "authenticity_token"=>"qbfNleRBuBXC5eDl227rRDeDQ7rqNgsCMDrWYf5B4rM=", "url"=>{"long_url"=>"fdg"}, "commit"=>"Create URL"}
Unpermitted parameters: long_url
  [1m[36m (0.1ms)[0m  [1mBEGIN[0m
  [1m[35mSQL (0.2ms)[0m  INSERT INTO `urls` (`created_at`, `updated_at`) VALUES ('2014-07-28 23:21:05', '2014-07-28 23:21:05')
  [1m[36m (0.2ms)[0m  [1mCOMMIT[0m
Redirected to http://localhost:3000/urls
Completed 302 Found in 7ms (ActiveRecord: 1.8ms)


Started GET "/urls" for 127.0.0.1 at 2014-07-29 00:21:05 +0100
Processing by UrlsController#index as HTML
  [1m[35mUrl Load (0.2ms)[0m  SELECT `urls`.* FROM `urls`
  Rendered urls/index.html.erb within layouts/application (2.4ms)
Completed 200 OK in 8ms (Views: 6.8ms | ActiveRecord: 0.2ms)


Started GET "/assets/application.css?body=1" for 127.0.0.1 at 2014-07-29 00:21:05 +0100


Started GET "/assets/turbolinks.js?body=1" for 127.0.0.1 at 2014-07-29 00:21:05 +0100


Started GET "/assets/jquery.js?body=1" for 127.0.0.1 at 2014-07-29 00:21:05 +0100


Started GET "/assets/jquery_ujs.js?body=1" for 127.0.0.1 at 2014-07-29 00:21:05 +0100


Started GET "/assets/urls.js?body=1" for 127.0.0.1 at 2014-07-29 00:21:05 +0100


Started GET "/assets/application.js?body=1" for 127.0.0.1 at 2014-07-29 00:21:05 +0100


Started GET "/assets/static.js?body=1" for 127.0.0.1 at 2014-07-29 00:21:05 +0100


Started POST "/urls/create" for 127.0.0.1 at 2014-07-29 00:21:09 +0100
Processing by UrlsController#create as HTML
  Parameters: {"utf8"=>"✓", "authenticity_token"=>"qbfNleRBuBXC5eDl227rRDeDQ7rqNgsCMDrWYf5B4rM=", "url"=>{"long_url"=>"sdfsdgsg"}, "commit"=>"Create URL"}
Unpermitted parameters: long_url
  [1m[36m (0.1ms)[0m  [1mBEGIN[0m
  [1m[35mSQL (0.2ms)[0m  INSERT INTO `urls` (`created_at`, `updated_at`) VALUES ('2014-07-28 23:21:09', '2014-07-28 23:21:09')
  [1m[36m (0.3ms)[0m  [1mCOMMIT[0m
Redirected to http://localhost:3000/urls
Completed 302 Found in 3ms (ActiveRecord: 0.7ms)


Started GET "/urls" for 127.0.0.1 at 2014-07-29 00:21:09 +0100
Processing by UrlsController#index as HTML
  [1m[35mUrl Load (0.2ms)[0m  SELECT `urls`.* FROM `urls`
  Rendered urls/index.html.erb within layouts/application (0.7ms)
Completed 200 OK in 4ms (Views: 3.8ms | ActiveRecord: 0.2ms)


Started GET "/assets/jquery.js?body=1" for 127.0.0.1 at 2014-07-29 00:21:09 +0100


Started GET "/assets/application.css?body=1" for 127.0.0.1 at 2014-07-29 00:21:09 +0100


Started GET "/assets/urls.js?body=1" for 127.0.0.1 at 2014-07-29 00:21:09 +0100


Started GET "/assets/jquery_ujs.js?body=1" for 127.0.0.1 at 2014-07-29 00:21:09 +0100


Started GET "/assets/turbolinks.js?body=1" for 127.0.0.1 at 2014-07-29 00:21:09 +0100


Started GET "/assets/static.js?body=1" for 127.0.0.1 at 2014-07-29 00:21:09 +0100


Started GET "/assets/application.js?body=1" for 127.0.0.1 at 2014-07-29 00:21:09 +0100


Started POST "/urls/create" for 127.0.0.1 at 2014-07-29 00:21:13 +0100
Processing by UrlsController#create as HTML
  Parameters: {"utf8"=>"✓", "authenticity_token"=>"qbfNleRBuBXC5eDl227rRDeDQ7rqNgsCMDrWYf5B4rM=", "url"=>{"long_url"=>"fdg"}, "commit"=>"Create URL"}
Unpermitted parameters: long_url
  [1m[36m (0.1ms)[0m  [1mBEGIN[0m
  [1m[35mSQL (0.2ms)[0m  INSERT INTO `urls` (`created_at`, `updated_at`) VALUES ('2014-07-28 23:21:13', '2014-07-28 23:21:13')
  [1m[36m (0.8ms)[0m  [1mCOMMIT[0m
Redirected to http://localhost:3000/urls
Completed 302 Found in 3ms (ActiveRecord: 1.1ms)


Started GET "/urls" for 127.0.0.1 at 2014-07-29 00:21:13 +0100
Processing by UrlsController#index as HTML
  [1m[35mUrl Load (0.2ms)[0m  SELECT `urls`.* FROM `urls`
  Rendered urls/index.html.erb within layouts/application (0.6ms)
Completed 200 OK in 5ms (Views: 4.9ms | ActiveRecord: 0.2ms)


Started GET "/assets/application.css?body=1" for 127.0.0.1 at 2014-07-29 00:21:13 +0100


Started GET "/assets/jquery.js?body=1" for 127.0.0.1 at 2014-07-29 00:21:13 +0100


Started GET "/assets/urls.js?body=1" for 127.0.0.1 at 2014-07-29 00:21:13 +0100


Started GET "/assets/static.js?body=1" for 127.0.0.1 at 2014-07-29 00:21:13 +0100


Started GET "/assets/turbolinks.js?body=1" for 127.0.0.1 at 2014-07-29 00:21:13 +0100


Started GET "/assets/jquery_ujs.js?body=1" for 127.0.0.1 at 2014-07-29 00:21:13 +0100


Started GET "/assets/application.js?body=1" for 127.0.0.1 at 2014-07-29 00:21:13 +0100


Started POST "/urls/create" for 127.0.0.1 at 2014-07-29 00:22:44 +0100
Processing by UrlsController#create as HTML
  Parameters: {"utf8"=>"✓", "authenticity_token"=>"qbfNleRBuBXC5eDl227rRDeDQ7rqNgsCMDrWYf5B4rM=", "url"=>{"long_url"=>"sdfsdgssdg"}, "commit"=>"Create URL"}
  [1m[36m (0.1ms)[0m  [1mBEGIN[0m
  [1m[35mSQL (0.2ms)[0m  INSERT INTO `urls` (`created_at`, `long_url`, `updated_at`) VALUES ('2014-07-28 23:22:44', 'sdfsdgssdg', '2014-07-28 23:22:44')
  [1m[36m (0.3ms)[0m  [1mCOMMIT[0m
Redirected to http://localhost:3000/urls
Completed 302 Found in 15ms (ActiveRecord: 9.3ms)


Started GET "/urls" for 127.0.0.1 at 2014-07-29 00:22:44 +0100
Processing by UrlsController#index as HTML
  [1m[35mUrl Load (0.2ms)[0m  SELECT `urls`.* FROM `urls`
  Rendered urls/index.html.erb within layouts/application (0.8ms)
Completed 200 OK in 5ms (Views: 4.6ms | ActiveRecord: 0.2ms)


Started GET "/assets/application.css?body=1" for 127.0.0.1 at 2014-07-29 00:22:44 +0100


Started GET "/assets/jquery.js?body=1" for 127.0.0.1 at 2014-07-29 00:22:44 +0100


Started GET "/assets/jquery_ujs.js?body=1" for 127.0.0.1 at 2014-07-29 00:22:44 +0100


Started GET "/assets/static.js?body=1" for 127.0.0.1 at 2014-07-29 00:22:44 +0100


Started GET "/assets/urls.css?body=1" for 127.0.0.1 at 2014-07-29 00:22:44 +0100


Started GET "/assets/urls.js?body=1" for 127.0.0.1 at 2014-07-29 00:22:44 +0100


Started GET "/assets/turbolinks.js?body=1" for 127.0.0.1 at 2014-07-29 00:22:44 +0100


Started GET "/assets/application.js?body=1" for 127.0.0.1 at 2014-07-29 00:22:44 +0100


Started POST "/urls/create" for 127.0.0.1 at 2014-07-29 00:22:47 +0100
Processing by UrlsController#create as HTML
  Parameters: {"utf8"=>"✓", "authenticity_token"=>"qbfNleRBuBXC5eDl227rRDeDQ7rqNgsCMDrWYf5B4rM=", "url"=>{"long_url"=>"fdgsdgdsg"}, "commit"=>"Create URL"}
  [1m[36m (0.1ms)[0m  [1mBEGIN[0m
  [1m[35mSQL (0.2ms)[0m  INSERT INTO `urls` (`created_at`, `long_url`, `updated_at`) VALUES ('2014-07-28 23:22:47', 'fdgsdgdsg', '2014-07-28 23:22:47')
  [1m[36m (0.8ms)[0m  [1mCOMMIT[0m
Redirected to http://localhost:3000/urls
Completed 302 Found in 3ms (ActiveRecord: 1.1ms)


Started GET "/urls" for 127.0.0.1 at 2014-07-29 00:22:47 +0100
Processing by UrlsController#index as HTML
  [1m[35mUrl Load (0.2ms)[0m  SELECT `urls`.* FROM `urls`
  Rendered urls/index.html.erb within layouts/application (0.7ms)
Completed 200 OK in 6ms (Views: 5.4ms | ActiveRecord: 0.2ms)


Started GET "/assets/urls.css?body=1" for 127.0.0.1 at 2014-07-29 00:22:47 +0100


Started GET "/assets/application.css?body=1" for 127.0.0.1 at 2014-07-29 00:22:47 +0100


Started GET "/assets/turbolinks.js?body=1" for 127.0.0.1 at 2014-07-29 00:22:47 +0100


Started GET "/assets/static.js?body=1" for 127.0.0.1 at 2014-07-29 00:22:47 +0100


Started GET "/assets/jquery_ujs.js?body=1" for 127.0.0.1 at 2014-07-29 00:22:47 +0100


Started GET "/assets/jquery.js?body=1" for 127.0.0.1 at 2014-07-29 00:22:47 +0100


Started GET "/assets/urls.js?body=1" for 127.0.0.1 at 2014-07-29 00:22:47 +0100


Started GET "/assets/application.js?body=1" for 127.0.0.1 at 2014-07-29 00:22:47 +0100


Started POST "/urls/create" for 127.0.0.1 at 2014-07-29 00:22:49 +0100
Processing by UrlsController#create as HTML
  Parameters: {"utf8"=>"✓", "authenticity_token"=>"qbfNleRBuBXC5eDl227rRDeDQ7rqNgsCMDrWYf5B4rM=", "url"=>{"long_url"=>"sdfsdgssdgsdg"}, "commit"=>"Create URL"}
  [1m[36m (0.2ms)[0m  [1mBEGIN[0m
  [1m[35mSQL (0.3ms)[0m  INSERT INTO `urls` (`created_at`, `long_url`, `updated_at`) VALUES ('2014-07-28 23:22:49', 'sdfsdgssdgsdg', '2014-07-28 23:22:49')
  [1m[36m (0.8ms)[0m  [1mCOMMIT[0m
Redirected to http://localhost:3000/urls
Completed 302 Found in 3ms (ActiveRecord: 1.2ms)


Started GET "/urls" for 127.0.0.1 at 2014-07-29 00:22:49 +0100
Processing by UrlsController#index as HTML
  [1m[35mUrl Load (0.2ms)[0m  SELECT `urls`.* FROM `urls`
  Rendered urls/index.html.erb within layouts/application (0.7ms)
Completed 200 OK in 6ms (Views: 5.0ms | ActiveRecord: 0.2ms)


Started GET "/assets/application.css?body=1" for 127.0.0.1 at 2014-07-29 00:22:49 +0100


Started GET "/assets/static.js?body=1" for 127.0.0.1 at 2014-07-29 00:22:49 +0100


Started GET "/assets/jquery_ujs.js?body=1" for 127.0.0.1 at 2014-07-29 00:22:49 +0100


Started GET "/assets/turbolinks.js?body=1" for 127.0.0.1 at 2014-07-29 00:22:49 +0100


Started GET "/assets/urls.css?body=1" for 127.0.0.1 at 2014-07-29 00:22:49 +0100


Started GET "/assets/jquery.js?body=1" for 127.0.0.1 at 2014-07-29 00:22:49 +0100


Started GET "/assets/urls.js?body=1" for 127.0.0.1 at 2014-07-29 00:22:49 +0100


Started GET "/assets/application.js?body=1" for 127.0.0.1 at 2014-07-29 00:22:49 +0100
